INFO:     Started server process [92509]
INFO:     Waiting for application startup.
INFO:     Application startup complete.
INFO:     Uvicorn running on http://127.0.0.1:8003 (Press CTRL+C to quit)
LINK_FILE: path_simpanan=/private/var/folders/_4/k70ymf4s0wj9p4r8f5zp03nw0000gn/T/phpgg0stkramtbj4kNIMLO, name_simpanan=SSA Simpanan_Full Data_data (29) (1).csv, ext=.csv
LINK_FILE: path_pinjaman=/private/var/folders/_4/k70ymf4s0wj9p4r8f5zp03nw0000gn/T/phpobuiru126t98cS031zd, name_pinjaman=SSA Pinjaman_Full Data_data (24) (1).csv, ext=.csv
LINK_FILE: path_simpanan_hist=/private/var/folders/_4/k70ymf4s0wj9p4r8f5zp03nw0000gn/T/php8qcmf7a7cokh5cp3nz2, name_simpanan_hist=SSA Simpanan_Full Data_data (30) (2).csv, ext=.csv
LINK_FILE: path_pinjaman_hist=/private/var/folders/_4/k70ymf4s0wj9p4r8f5zp03nw0000gn/T/phpi42pnuv9n290b9lxJep, name_pinjaman_hist=SSA Pinjaman_Full Data_data (25) (1).csv, ext=.csv
Starting process_files from paths...
  [Simpanan-0] file_cdf6505c-f6a5-4202-951b-3e85cdb90237.csv: 1941 baris, 9 kolom
  [Simpanan-1] file_ee7727fa-74b6-47df-9815-57b29528248e.csv: 28415 baris, 9 kolom

[SIMPANAN] Total baris: 30356
[SIMPANAN] Kolom: ['Nama Cabang', 'Nama Uker', 'Month, Day, Year of Posisi', 'Segmentasi', 'Produk', 'Flag Giro Saldo Debet', 'Jenis Produk', 'Segmentasi BPR', 'Saldo']
  [Pinjaman-0] file_57710779-f727-43fc-9aca-7ffd78533b5c.csv: 1111 baris, 8 kolom
  [Pinjaman-1] file_9f928254-1ed1-4b21-82c1-fda2bb37025b.csv: 27728 baris, 7 kolom

[PINJAMAN] Total baris: 28839
[PINJAMAN] Kolom: ['Nama Cabang', 'Nama Uker', 'Produk', 'SEGMEN_2025', 'Month, Day, Year of Periode', 'Kolektabilitas One Obligor', 'Segmen', 'Baki Debet']

[KOLOM S] KC=Nama Cabang, Jenis=Jenis Produk, Seg=Segmentasi BPR, Saldo=Saldo, Periode=Month, Day, Year of Posisi
[KOLOM P] KC=Nama Cabang, Segmen=SEGMEN_2025, Kolekt=Kolektabilitas One Obligor, Baki=Baki Debet, Periode=Month, Day, Year of Periode

[AFTER MAPPING] Simpanan: 30356 baris valid

[AFTER MAPPING] Pinjaman: 28839 baris valid
[SEGMEN FALLBACK] 27728 baris SEGMEN_2025 diisi dari kolom 'Segmen'

[JENIS PRODUK] ['Deposito' 'Giro' 'Tabungan']
[SEGMENTASI] ['Micro' 'Ritel' 'Wholesale']

[DATE DEBUG] Simpanan: 30356 parsed, 0 unparsed
[DATE DEBUG] Simpanan tanggal unik: [Timestamp('2025-06-30 00:00:00'), Timestamp('2025-07-31 00:00:00'), Timestamp('2025-08-31 00:00:00'), Timestamp('2025-09-30 00:00:00'), Timestamp('2025-10-31 00:00:00'), Timestamp('2025-11-30 00:00:00'), Timestamp('2025-12-31 00:00:00'), Timestamp('2026-01-31 00:00:00'), Timestamp('2026-02-28 00:00:00'), Timestamp('2026-03-31 00:00:00'), Timestamp('2026-04-30 00:00:00'), Timestamp('2026-05-31 00:00:00'), Timestamp('2026-06-30 00:00:00'), Timestamp('2026-07-18 00:00:00'), Timestamp('2026-07-19 00:00:00'), Timestamp('2026-07-20 00:00:00')]
[DATE DEBUG] Pinjaman: 17839 parsed, 0 unparsed
[DATE DEBUG] Pinjaman tanggal unik: [Timestamp('2025-06-30 00:00:00'), Timestamp('2025-07-31 00:00:00'), Timestamp('2025-08-31 00:00:00'), Timestamp('2025-09-30 00:00:00'), Timestamp('2025-10-31 00:00:00'), Timestamp('2025-12-31 00:00:00'), Timestamp('2026-01-31 00:00:00'), Timestamp('2026-02-28 00:00:00'), Timestamp('2026-03-31 00:00:00'), Timestamp('2026-04-30 00:00:00'), Timestamp('2026-05-31 00:00:00'), Timestamp('2026-06-30 00:00:00'), Timestamp('2026-07-18 00:00:00'), Timestamp('2026-07-19 00:00:00'), Timestamp('2026-07-20 00:00:00')]

[PERIODE] 16 periode:
  Jun-25 (2025-06-30) -> Simp=1626, Pinj=1229
  Jul-25 (2025-07-31) -> Simp=1703, Pinj=1234
  Agu-25 (2025-08-31) -> Simp=1702, Pinj=1167
  Sep-25 (2025-09-30) -> Simp=1700, Pinj=1153
  Okt-25 (2025-10-31) -> Simp=1735, Pinj=1134
  Nov-25 (2025-11-30) -> Simp=1737, Pinj=0
  Des-25 (2025-12-31) -> Simp=1747, Pinj=1121
  Jan-26 (2026-01-31) -> Simp=1741, Pinj=1078
  Feb-26 (2026-02-28) -> Simp=1773, Pinj=1085
  Mar-26 (2026-03-31) -> Simp=1773, Pinj=1066
  Apr-26 (2026-04-30) -> Simp=1777, Pinj=1050
  Mei-26 (2026-05-31) -> Simp=1782, Pinj=1033
  Jun-26 (2026-06-30) -> Simp=1792, Pinj=1046
  18 Jul-2026 (2026-07-18) -> Simp=1943, Pinj=1112
  19 Jul-2026 (2026-07-19) -> Simp=1943, Pinj=1113
  20 Jul-2026 (2026-07-20) -> Simp=3882, Pinj=2218

=======================================================
  VERIFIKASI DATA PER WILAYAH
=======================================================
  Tanah Abang    : Simp=  620 baris (20,830,248.8 Jt), Pinj=  268 baris (4,343,777.4 Jt)
  Krekot         : Simp=  614 baris (7,377,804.2 Jt), Pinj=  426 baris (1,917,984.3 Jt)
  Veteran        : Simp=  980 baris (356,188,832.5 Jt), Pinj=  340 baris (19,837,594.8 Jt)
  Roxi           : Simp=  792 baris (7,112,808.1 Jt), Pinj=  758 baris (2,063,127.6 Jt)
  Gunung Sahari  : Simp=  328 baris (7,554,605.4 Jt), Pinj=  180 baris (3,173,980.7 Jt)
  Mangga Dua     : Simp=  366 baris (5,908,807.4 Jt), Pinj=  142 baris (1,003,366.7 Jt)
  Kemayoran      : Simp=  182 baris (13,167,241.3 Jt), Pinj=  104 baris ( 903,690.2 Jt)

[DEBUG] Tanah Abang - Jun-25
  Total baris: 180
  SEGMEN_2025 unik: ['Konsumer', 'Micro', 'SME']
  Produk unik: ['Briguna Mikro', 'Briguna Ritel', 'KPR', 'KUR Kecil', 'Kecil Komersial', 'Lainnya', 'Menengah']
  Pinjaman: 2,102,945.0
  Small: 645,903.8
  Konsumer: 1,456,096.8
  Mikro: 944.4
  SML: 115,009.0 (5.47%)
  NPL: 205,550.6 (9.77%)
  NPL Small: 127,800.2
  NPL Small baris: 43
    Produk=Kecil Komersial | SEGMEN=SME | Kol=5 | Baki=2,199,078,880
    Produk=Kecil Komersial | SEGMEN=SME | Kol=3 | Baki=2,200,000,000
    Produk=Kecil Komersial | SEGMEN=SME | Kol=5 | Baki=5,019,402,050
    Produk=Kecil Komersial | SEGMEN=SME | Kol=5 | Baki=10,407,943,251
    Produk=Kecil Komersial | SEGMEN=SME | Kol=5 | Baki=500,000,000

[DEBUG] Tanah Abang - Jul-25
  Total baris: 190
  SEGMEN_2025 unik: ['Konsumer', 'Micro', 'SME']
  Produk unik: ['Briguna Mikro', 'Briguna Ritel', 'KPR', 'KUR Kecil', 'Kecil Komersial', 'Lainnya', 'Menengah']
  Pinjaman: 2,177,646.7
  Small: 685,682.6
  Konsumer: 1,491,025.3
  Mikro: 938.8
  SML: 101,434.1 (4.66%)
  NPL: 211,819.4 (9.73%)
  NPL Small: 134,837.1
  NPL Small baris: 42
    Produk=Kecil Komersial | SEGMEN=SME | Kol=5 | Baki=8,470,000,000
    Produk=Kecil Komersial | SEGMEN=SME | Kol=5 | Baki=669,318,090
    Produk=Kecil Komersial | SEGMEN=SME | Kol=5 | Baki=947,324,439
    Produk=Kecil Komersial | SEGMEN=SME | Kol=4 | Baki=1,700,000,000
    Produk=Kecil Komersial | SEGMEN=SME | Kol=5 | Baki=765,205,612

[DEBUG] Tanah Abang - Agu-25
  Total baris: 160
  SEGMEN_2025 unik: ['Konsumer', 'Micro', 'SME']
  Produk unik: ['Briguna Mikro', 'Briguna Ritel', 'KPR', 'KUR Kecil', 'Kecil Komersial', 'Lainnya', 'Menengah']
  Pinjaman: 2,198,148.0
  Small: 679,067.8
  Konsumer: 1,518,147.0
  Mikro: 933.2
  SML: 127,189.5 (5.79%)
  NPL: 203,820.4 (9.27%)
  NPL Small: 125,766.8
  NPL Small baris: 36
    Produk=Kecil Komersial | SEGMEN=SME | Kol=5 | Baki=7,432,000,000
    Produk=Kecil Komersial | SEGMEN=SME | Kol=3 | Baki=2,242,047,626
    Produk=Kecil Komersial | SEGMEN=SME | Kol=5 | Baki=1,918,443,957
    Produk=Kecil Komersial | SEGMEN=SME | Kol=4 | Baki=1,017,050,000
    Produk=Kecil Komersial | SEGMEN=SME | Kol=4 | Baki=500,000,000

[DEBUG] Tanah Abang - Sep-25
  Total baris: 158
  SEGMEN_2025 unik: ['Konsumer', 'Micro', 'SME']
  Produk unik: ['Briguna Mikro', 'Briguna Ritel', 'KPR', 'KUR Kecil', 'Kecil Komersial', 'Lainnya', 'Menengah']
  Pinjaman: 2,232,919.4
  Small: 686,965.3
  Konsumer: 1,545,012.5
  Mikro: 941.6
  SML: 114,271.9 (5.12%)
  NPL: 194,530.6 (8.71%)
  NPL Small: 118,901.2
  NPL Small baris: 33
    Produk=Kecil Komersial | SEGMEN=SME | Kol=3 | Baki=3,050,000,000
    Produk=Kecil Komersial | SEGMEN=SME | Kol=5 | Baki=4,345,838,050
    Produk=Kecil Komersial | SEGMEN=SME | Kol=5 | Baki=24,830,256,482
    Produk=Kecil Komersial | SEGMEN=SME | Kol=5 | Baki=5,994,543,369
    Produk=Kecil Komersial | SEGMEN=SME | Kol=4 | Baki=4,494,300,000

[DEBUG] Tanah Abang - Okt-25
  Total baris: 146
  SEGMEN_2025 unik: ['Konsumer', 'Micro', 'SME']
  Produk unik: ['Briguna Mikro', 'Briguna Ritel', 'KPR', 'KUR Kecil', 'Kecil Komersial', 'Lainnya', 'Menengah']
  Pinjaman: 2,248,428.5
  Small: 675,177.2
  Konsumer: 1,572,153.3
  Mikro: 1,098.0
  SML: 124,246.9 (5.53%)
  NPL: 182,171.8 (8.10%)
  NPL Small: 103,810.5
  NPL Small baris: 28
    Produk=Kecil Komersial | SEGMEN=SME | Kol=5 | Baki=3,291,200,000
    Produk=Kecil Komersial | SEGMEN=SME | Kol=5 | Baki=5,000,000,000
    Produk=Kecil Komersial | SEGMEN=SME | Kol=4 | Baki=3,700,000,000
    Produk=Kecil Komersial | SEGMEN=SME | Kol=3 | Baki=350,000,000
    Produk=Kecil Komersial | SEGMEN=SME | Kol=5 | Baki=2,500,000,000

[DEBUG] Tanah Abang - Nov-25
  Total baris: 0
  SEGMEN_2025 unik: []
  Produk unik: []
  Pinjaman: 0.0
  Small: 0.0
  Konsumer: 0.0
  Mikro: 0.0
  SML: 0.0 (0.00%)
  NPL: 0.0 (0.00%)
  NPL Small: 0.0

[DEBUG] Tanah Abang - Des-25
  Total baris: 151
  SEGMEN_2025 unik: ['Konsumer', 'Micro', 'SME']
  Produk unik: ['Briguna Mikro', 'Briguna Ritel', 'KPR', 'Kecil Komersial', 'Kredit Mikro - KUR Ritel 2015', 'Lainnya', 'Menengah']
  Pinjaman: 2,309,733.6
  Small: 671,525.6
  Konsumer: 1,592,931.0
  Mikro: 45,276.9
  SML: 104,754.0 (4.54%)
  NPL: 183,548.0 (7.95%)
  NPL Small: 102,526.6
  NPL Small baris: 32
    Produk=Kecil Komersial | SEGMEN=SME | Kol=3 | Baki=300,000,000
    Produk=Kecil Komersial | SEGMEN=SME | Kol=5 | Baki=5,493,125,625
    Produk=Kecil Komersial | SEGMEN=SME | Kol=3 | Baki=476,062,591
    Produk=Kecil Komersial | SEGMEN=SME | Kol=5 | Baki=2,200,000,000
    Produk=Kecil Komersial | SEGMEN=SME | Kol=5 | Baki=3,286,700,000

[DEBUG] Tanah Abang - Jan-26
  Total baris: 130
  SEGMEN_2025 unik: ['Konsumer', 'Micro', 'SME']
  Produk unik: ['Briguna Ritel', 'Kecil Komersial', 'Kredit Mikro - KUR Ritel 2015', 'Lainnya', 'Menengah']
  Pinjaman: 1,867,619.5
  Small: 669,256.5
  Konsumer: 1,156,420.3
  Mikro: 41,942.8
  SML: 79,090.8 (4.23%)
  NPL: 160,202.3 (8.58%)
  NPL Small: 101,671.2
  NPL Small baris: 30
    Produk=Kecil Komersial | SEGMEN=SME | Kol=5 | Baki=496,575,651
    Produk=Kecil Komersial | SEGMEN=SME | Kol=5 | Baki=2,500,000,000
    Produk=Kecil Komersial | SEGMEN=SME | Kol=5 | Baki=350,000,000
    Produk=Kecil Komersial | SEGMEN=SME | Kol=5 | Baki=7,484,130,799
    Produk=Kecil Komersial | SEGMEN=SME | Kol=5 | Baki=9,977,830,994

[DEBUG] Tanah Abang - Feb-26
  Total baris: 128
  SEGMEN_2025 unik: ['Konsumer', 'Micro', 'SME']
  Produk unik: ['Briguna Ritel', 'Kecil Komersial', 'Kredit Mikro - KUR Ritel 2015', 'Lainnya', 'Menengah']
  Pinjaman: 1,870,016.0
  Small: 671,394.1
  Konsumer: 1,158,135.2
  Mikro: 40,486.6
  SML: 100,737.1 (5.39%)
  NPL: 153,924.2 (8.23%)
  NPL Small: 98,086.4
  NPL Small baris: 30
    Produk=Kecil Komersial | SEGMEN=SME | Kol=5 | Baki=2,500,000,000
    Produk=Kecil Komersial | SEGMEN=SME | Kol=5 | Baki=2,994,845,160
    Produk=Kecil Komersial | SEGMEN=SME | Kol=4 | Baki=212,400,000
    Produk=Kecil Komersial | SEGMEN=SME | Kol=5 | Baki=4,695,500,000
    Produk=Kecil Komersial | SEGMEN=SME | Kol=4 | Baki=230,367,096

[DEBUG] Tanah Abang - Mar-26
  Total baris: 119
  SEGMEN_2025 unik: ['Konsumer', 'Micro', 'SME']
  Produk unik: ['Briguna Ritel', 'Kecil Komersial', 'Kredit Mikro - KUR Ritel 2015', 'Lainnya', 'Menengah']
  Pinjaman: 1,890,792.4
  Small: 691,420.1
  Konsumer: 1,160,248.7
  Mikro: 39,123.7
  SML: 102,084.7 (5.40%)
  NPL: 144,443.1 (7.64%)
  NPL Small: 88,947.8
  NPL Small baris: 27
    Produk=Kecil Komersial | SEGMEN=SME | Kol=5 | Baki=2,918,443,957
    Produk=Kecil Komersial | SEGMEN=SME | Kol=3 | Baki=847,000,000
    Produk=Kecil Komersial | SEGMEN=SME | Kol=5 | Baki=413,275,651
    Produk=Kecil Komersial | SEGMEN=SME | Kol=5 | Baki=8,349,387,775
    Produk=Kecil Komersial | SEGMEN=SME | Kol=4 | Baki=107,096,823

[DEBUG] Tanah Abang - Apr-26
  Total baris: 122
  SEGMEN_2025 unik: ['Konsumer', 'Micro', 'SME']
  Produk unik: ['Briguna Ritel', 'Kecil Komersial', 'Kredit Mikro - KUR Ritel 2015', 'Lainnya', 'Menengah']
  Pinjaman: 1,864,839.2
  Small: 661,559.4
  Konsumer: 1,164,113.9
  Mikro: 39,165.9
  SML: 98,238.9 (5.27%)
  NPL: 150,433.3 (8.07%)
  NPL Small: 88,041.0
  NPL Small baris: 27
    Produk=Kecil Komersial | SEGMEN=SME | Kol=5 | Baki=2,500,000,000
    Produk=Kecil Komersial | SEGMEN=SME | Kol=5 | Baki=14,134,318,090
    Produk=Kecil Komersial | SEGMEN=SME | Kol=5 | Baki=379,449,342
    Produk=Kecil Komersial | SEGMEN=SME | Kol=5 | Baki=2,026,845,160
    Produk=Kecil Komersial | SEGMEN=SME | Kol=3 | Baki=1,731,000,000

[DEBUG] Tanah Abang - Mei-26
  Total baris: 129
  SEGMEN_2025 unik: ['Konsumer', 'Micro', 'SME']
  Produk unik: ['Briguna Ritel', 'Kecil Komersial', 'Kredit Mikro - KUR Ritel 2015', 'Lainnya', 'Menengah']
  Pinjaman: 1,892,663.2
  Small: 657,659.1
  Konsumer: 1,174,530.5
  Mikro: 60,473.6
  SML: 89,465.7 (4.73%)
  NPL: 161,582.5 (8.54%)
  NPL Small: 94,763.7
  NPL Small baris: 31
    Produk=Kecil Komersial | SEGMEN=SME | Kol=3 | Baki=3,408,000,000
    Produk=Kecil Komersial | SEGMEN=SME | Kol=3 | Baki=4,888,888,892
    Produk=Kecil Komersial | SEGMEN=SME | Kol=4 | Baki=1,500,000,000
    Produk=Kecil Komersial | SEGMEN=SME | Kol=5 | Baki=1,239,996,351
    Produk=Kecil Komersial | SEGMEN=SME | Kol=5 | Baki=379,449,342

[DEBUG] Tanah Abang - Jun-26
  Total baris: 131
  SEGMEN_2025 unik: ['Konsumer', 'Micro', 'SME']
  Produk unik: ['Briguna Ritel', 'Kecil Komersial', 'Kredit Mikro - KUR Ritel 2015', 'Lainnya', 'Menengah']
  Pinjaman: 1,907,692.6
  Small: 669,588.0
  Konsumer: 1,174,778.1
  Mikro: 63,326.5
  SML: 101,619.5 (5.33%)
  NPL: 153,962.2 (8.07%)
  NPL Small: 90,484.1
  NPL Small baris: 29
    Produk=Kecil Komersial | SEGMEN=SME | Kol=4 | Baki=4,888,888,892
    Produk=Kecil Komersial | SEGMEN=SME | Kol=4 | Baki=1,739,945,260
    Produk=Kecil Komersial | SEGMEN=SME | Kol=5 | Baki=847,000,000
    Produk=Kecil Komersial | SEGMEN=SME | Kol=5 | Baki=4,700,000,000
    Produk=Kecil Komersial | SEGMEN=SME | Kol=5 | Baki=6,545,830,994

[DEBUG] Tanah Abang - 18 Jul-2026
  Total baris: 134
  SEGMEN_2025 unik: ['Konsumer', 'Micro', 'SME']
  Produk unik: ['Briguna Ritel', 'Kecil Komersial', 'Kredit Mikro - KUR Ritel 2015', 'Lainnya', 'Menengah']
  Pinjaman: 1,898,475.2
  Small: 655,463.8
  Konsumer: 1,177,638.0
  Mikro: 65,373.5
  SML: 237,641.9 (12.52%)
  NPL: 158,200.1 (8.33%)
  NPL Small: 94,075.2
  NPL Small baris: 25
    Produk=Kecil Komersial | SEGMEN=SME | Kol=5 | Baki=847,000,000
    Produk=Kecil Komersial | SEGMEN=SME | Kol=5 | Baki=379,449,342
    Produk=Kecil Komersial | SEGMEN=SME | Kol=4 | Baki=1,500,000,000
    Produk=Kecil Komersial | SEGMEN=SME | Kol=4 | Baki=1,000,000,000
    Produk=Kecil Komersial | SEGMEN=SME | Kol=4 | Baki=4,888,888,892

[DEBUG] Tanah Abang - 19 Jul-2026
  Total baris: 134
  SEGMEN_2025 unik: ['Konsumer', 'Micro', 'SME']
  Produk unik: ['Briguna Ritel', 'Kecil Komersial', 'Kredit Mikro - KUR Ritel 2015', 'Lainnya', 'Menengah']
  Pinjaman: 1,898,172.1
  Small: 655,458.5
  Konsumer: 1,177,397.2
  Mikro: 65,316.4
  SML: 240,526.1 (12.67%)
  NPL: 158,641.9 (8.36%)
  NPL Small: 94,075.2
  NPL Small baris: 25
    Produk=Kecil Komersial | SEGMEN=SME | Kol=5 | Baki=6,149,187,775
    Produk=Kecil Komersial | SEGMEN=SME | Kol=3 | Baki=993,000,000
    Produk=Kecil Komersial | SEGMEN=SME | Kol=5 | Baki=1,849,952,898
    Produk=Kecil Komersial | SEGMEN=SME | Kol=4 | Baki=283,249,994
    Produk=Kecil Komersial | SEGMEN=SME | Kol=3 | Baki=1,500,000,000

[DEBUG] Tanah Abang - 20 Jul-2026
  Total baris: 268
  SEGMEN_2025 unik: ['Commercial', 'Consumer', 'Konsumer', 'Medium', 'Micro', 'SME', 'Small']
  Produk unik: ['Briguna Ritel', 'Kecil Komersial', 'Kredit Mikro - KUR Ritel 2015', 'Lainnya', 'Menengah']
  Pinjaman: 3,767,815.2
  Small: 1,280,597.4
  Konsumer: 2,356,850.3
  Mikro: 130,367.5
  SML: 470,908.3 (12.50%)
  NPL: 298,493.0 (7.92%)
  NPL Small: 168,329.1
  NPL Small baris: 49
    Produk=Kecil Komersial | SEGMEN=Small | Kol=4 | Baki=3,408,000,000
    Produk=Kecil Komersial | SEGMEN=Small | Kol=5 | Baki=379,449,342
    Produk=Kecil Komersial | SEGMEN=Small | Kol=5 | Baki=7,390,088,685
    Produk=Kecil Komersial | SEGMEN=Small | Kol=3 | Baki=5,000,000,000
    Produk=Kecil Komersial | SEGMEN=Small | Kol=4 | Baki=1,000,000,000

[DEBUG] Krekot - Jun-25
  Total baris: 104
  SEGMEN_2025 unik: ['Konsumer', 'SME']
  Produk unik: ['Briguna Ritel', 'KUR Kecil', 'Kecil Komersial', 'Lainnya', 'Menengah', 'Menengah Kanwil >Rp.200M sd 500 M']
  Pinjaman: 678,615.7
  Small: 430,555.5
  Konsumer: 248,060.2
  Mikro: 0.0
  SML: 33,865.9 (4.99%)
  NPL: 52,236.3 (7.70%)
  NPL Small: 42,312.8
  NPL Small baris: 10
    Produk=Kecil Komersial | SEGMEN=SME | Kol=4 | Baki=4,874,980,000
    Produk=Kecil Komersial | SEGMEN=SME | Kol=5 | Baki=997,956,122
    Produk=Kecil Komersial | SEGMEN=SME | Kol=5 | Baki=3,298,000,000
    Produk=Kecil Komersial | SEGMEN=SME | Kol=4 | Baki=4,987,836,199
    Produk=Kecil Komersial | SEGMEN=SME | Kol=5 | Baki=700,000,000

[DEBUG] Krekot - Jul-25
  Total baris: 248
  SEGMEN_2025 unik: ['Konsumer', 'Micro', 'SME']
  Produk unik: ['Briguna Mikro', 'Briguna Ritel', 'KUR Kecil', 'KUR Mikro', 'Kecil Komersial', 'Kupedes', 'Lainnya', 'Menengah', 'Menengah Kanwil >Rp.200M sd 500 M']
  Pinjaman: 907,248.9
  Small: 416,415.1
  Konsumer: 247,919.2
  Mikro: 242,914.6
  SML: 59,711.8 (6.58%)
  NPL: 44,932.3 (4.95%)
  NPL Small: 22,313.1
  NPL Small baris: 9
    Produk=Kecil Komersial | SEGMEN=SME | Kol=4 | Baki=3,483,250,000
    Produk=Kecil Komersial | SEGMEN=SME | Kol=5 | Baki=700,000,000
    Produk=Kecil Komersial | SEGMEN=SME | Kol=5 | Baki=3,298,000,000
    Produk=Kecil Komersial | SEGMEN=SME | Kol=5 | Baki=397,000,000
    Produk=Kecil Komersial | SEGMEN=SME | Kol=4 | Baki=74,118,469

[DEBUG] Krekot - Agu-25
  Total baris: 226
  SEGMEN_2025 unik: ['Konsumer', 'Micro', 'SME']
  Produk unik: ['Briguna Mikro', 'Briguna Ritel', 'KUR Kecil', 'KUR Mikro', 'Kecil Komersial', 'Kupedes', 'Lainnya', 'Menengah', 'Menengah Kanwil >Rp.200M sd 500 M']
  Pinjaman: 908,041.8
  Small: 417,862.6
  Konsumer: 246,709.9
  Mikro: 243,469.3
  SML: 62,486.4 (6.88%)
  NPL: 46,385.4 (5.11%)
  NPL Small: 22,814.8
  NPL Small baris: 7
    Produk=Kecil Komersial | SEGMEN=SME | Kol=5 | Baki=3,997,578,127
    Produk=Kecil Komersial | SEGMEN=SME | Kol=4 | Baki=74,118,469
    Produk=Kecil Komersial | SEGMEN=SME | Kol=5 | Baki=4,874,979,999
    Produk=Kecil Komersial | SEGMEN=SME | Kol=5 | Baki=397,000,000
    Produk=Kecil Komersial | SEGMEN=SME | Kol=5 | Baki=4,983,250,000

[DEBUG] Krekot - Sep-25
  Total baris: 220
  SEGMEN_2025 unik: ['Konsumer', 'Micro', 'SME']
  Produk unik: ['Briguna Mikro', 'Briguna Ritel', 'KUR Kecil', 'KUR Mikro', 'Kecil Komersial', 'Kupedes', 'Lainnya', 'Menengah', 'Menengah Kanwil >Rp.200M sd 500 M']
  Pinjaman: 912,897.8
  Small: 419,388.2
  Konsumer: 250,843.8
  Mikro: 242,665.8
  SML: 60,276.4 (6.60%)
  NPL: 44,661.9 (4.89%)
  NPL Small: 21,815.1
  NPL Small baris: 7
    Produk=Kecil Komersial | SEGMEN=SME | Kol=5 | Baki=2,997,956,122
    Produk=Kecil Komersial | SEGMEN=SME | Kol=5 | Baki=3,500,000,000
    Produk=Kecil Komersial | SEGMEN=SME | Kol=5 | Baki=397,000,000
    Produk=Kecil Komersial | SEGMEN=SME | Kol=5 | Baki=4,983,250,000
    Produk=Kecil Komersial | SEGMEN=SME | Kol=5 | Baki=4,987,836,199

[DEBUG] Krekot - Okt-25
  Total baris: 223
  SEGMEN_2025 unik: ['Konsumer', 'Micro', 'SME']
  Produk unik: ['Briguna Mikro', 'Briguna Ritel', 'KUR Kecil', 'KUR Mikro', 'Kecil Komersial', 'Kupedes', 'Lainnya', 'Menengah', 'Menengah Kanwil >Rp.200M sd 500 M']
  Pinjaman: 917,989.7
  Small: 418,624.1
  Konsumer: 252,517.0
  Mikro: 246,848.6
  SML: 54,252.4 (5.91%)
  NPL: 44,749.1 (4.87%)
  NPL Small: 21,533.5
  NPL Small baris: 7
    Produk=Kecil Komersial | SEGMEN=SME | Kol=5 | Baki=4,874,979,999
    Produk=Kecil Komersial | SEGMEN=SME | Kol=5 | Baki=397,000,000
    Produk=Kecil Komersial | SEGMEN=SME | Kol=5 | Baki=4,987,836,199
    Produk=Kecil Komersial | SEGMEN=SME | Kol=5 | Baki=2,717,654,022
    Produk=Kecil Komersial | SEGMEN=SME | Kol=5 | Baki=4,983,250,000

[DEBUG] Krekot - Nov-25
  Total baris: 0
  SEGMEN_2025 unik: []
  Produk unik: []
  Pinjaman: 0.0
  Small: 0.0
  Konsumer: 0.0
  Mikro: 0.0
  SML: 0.0 (0.00%)
  NPL: 0.0 (0.00%)
  NPL Small: 0.0

[DEBUG] Krekot - Des-25
  Total baris: 214
  SEGMEN_2025 unik: ['Konsumer', 'Micro', 'SME']
  Produk unik: ['Briguna Mikro', 'Briguna Ritel', 'KUR Mikro', 'Kecil Komersial', 'Kredit Mikro - KUR Ritel 2015', 'Kupedes', 'Lainnya', 'Menengah', 'Menengah Kanwil >Rp.200M sd 500 M']
  Pinjaman: 957,206.1
  Small: 428,675.1
  Konsumer: 257,385.9
  Mikro: 271,145.2
  SML: 43,179.4 (4.51%)
  NPL: 43,414.0 (4.54%)
  NPL Small: 22,678.1
  NPL Small baris: 6
    Produk=Kecil Komersial | SEGMEN=SME | Kol=5 | Baki=3,500,000,000
    Produk=Kecil Komersial | SEGMEN=SME | Kol=5 | Baki=4,983,250,000
    Produk=Kecil Komersial | SEGMEN=SME | Kol=5 | Baki=732,160,536
    Produk=Kecil Komersial | SEGMEN=SME | Kol=4 | Baki=1,275,000,000
    Produk=Kecil Komersial | SEGMEN=SME | Kol=5 | Baki=9,862,816,198

[DEBUG] Krekot - Jan-26
  Total baris: 217
  SEGMEN_2025 unik: ['Konsumer', 'Micro', 'SME']
  Produk unik: ['Briguna Mikro', 'Briguna Ritel', 'KREDIT MIKRO - KPP', 'KUR Mikro', 'Kecil Komersial', 'Kredit Mikro - KUR Ritel 2015', 'Kupedes', 'Menengah', 'Mikro - Cash Collateral']
  Pinjaman: 709,923.1
  Small: 424,343.9
  Konsumer: 10,812.3
  Mikro: 274,766.8
  SML: 46,574.9 (6.56%)
  NPL: 45,313.2 (6.38%)
  NPL Small: 25,698.4
  NPL Small baris: 8
    Produk=Kecil Komersial | SEGMEN=SME | Kol=5 | Baki=3,500,000,000
    Produk=Kecil Komersial | SEGMEN=SME | Kol=3 | Baki=1,330,000,000
    Produk=Kecil Komersial | SEGMEN=SME | Kol=5 | Baki=4,983,250,000
    Produk=Kecil Komersial | SEGMEN=SME | Kol=3 | Baki=1,682,956,739
    Produk=Kecil Komersial | SEGMEN=SME | Kol=5 | Baki=739,546,871

[DEBUG] Krekot - Feb-26
  Total baris: 215
  SEGMEN_2025 unik: ['Konsumer', 'Micro', 'SME']
  Produk unik: ['Briguna Mikro', 'Briguna Ritel', 'KREDIT MIKRO - KPP', 'KUR Mikro', 'Kecil Komersial', 'Kredit Mikro - KUR Ritel 2015', 'Kupedes', 'Menengah', 'Menengah Kanwil >Rp.200M sd 500 M', 'Mikro - Cash Collateral']
  Pinjaman: 719,195.1
  Small: 427,801.4
  Konsumer: 7,707.7
  Mikro: 283,686.0
  SML: 42,627.3 (5.93%)
  NPL: 49,151.6 (6.83%)
  NPL Small: 29,161.6
  NPL Small baris: 9
    Produk=Kecil Komersial | SEGMEN=SME | Kol=5 | Baki=746,995,940
    Produk=Kecil Komersial | SEGMEN=SME | Kol=5 | Baki=6,151,450,000
    Produk=Kecil Komersial | SEGMEN=SME | Kol=4 | Baki=2,324,824,868
    Produk=Kecil Komersial | SEGMEN=SME | Kol=5 | Baki=4,874,979,999
    Produk=Kecil Komersial | SEGMEN=SME | Kol=3 | Baki=2,522,223,209

[DEBUG] Krekot - Mar-26
  Total baris: 211
  SEGMEN_2025 unik: ['Konsumer', 'Micro', 'SME']
  Produk unik: ['Briguna Mikro', 'Briguna Ritel', 'KREDIT MIKRO - KPP', 'KUR Mikro', 'Kecil Komersial', 'Kredit Mikro - KUR Ritel 2015', 'Kupedes', 'Menengah', 'Menengah Kanwil >Rp.200M sd 500 M', 'Mikro - Cash Collateral']
  Pinjaman: 699,408.0
  Small: 405,529.5
  Konsumer: 7,673.8
  Mikro: 286,204.6
  SML: 53,587.5 (7.66%)
  NPL: 45,709.7 (6.54%)
  NPL Small: 25,745.3
  NPL Small baris: 9
    Produk=Kecil Komersial | SEGMEN=SME | Kol=4 | Baki=1,652,956,739
    Produk=Kecil Komersial | SEGMEN=SME | Kol=5 | Baki=2,324,824,868
    Produk=Kecil Komersial | SEGMEN=SME | Kol=5 | Baki=4,874,979,999
    Produk=Kecil Komersial | SEGMEN=SME | Kol=4 | Baki=2,522,223,209
    Produk=Kecil Komersial | SEGMEN=SME | Kol=5 | Baki=2,758,450,000

[DEBUG] Krekot - Apr-26
  Total baris: 199
  SEGMEN_2025 unik: ['Konsumer', 'Micro', 'SME']
  Produk unik: ['Briguna Mikro', 'Briguna Ritel', 'KREDIT MIKRO - KPP', 'KUR Mikro', 'Kecil Komersial', 'Kredit Mikro - KUR Ritel 2015', 'Kupedes', 'Menengah', 'Mikro - Cash Collateral']
  Pinjaman: 725,716.2
  Small: 427,461.4
  Konsumer: 7,592.8
  Mikro: 290,662.0
  SML: 33,416.0 (4.60%)
  NPL: 40,947.6 (5.64%)
  NPL Small: 21,137.1
  NPL Small baris: 7
    Produk=Kecil Komersial | SEGMEN=SME | Kol=4 | Baki=2,522,223,209
    Produk=Kecil Komersial | SEGMEN=SME | Kol=5 | Baki=530,000,000
    Produk=Kecil Komersial | SEGMEN=SME | Kol=4 | Baki=6,828,125,623
    Produk=Kecil Komersial | SEGMEN=SME | Kol=5 | Baki=2,931,956,739
    Produk=Kecil Komersial | SEGMEN=SME | Kol=5 | Baki=2,324,824,868

[DEBUG] Krekot - Mei-26
  Total baris: 193
  SEGMEN_2025 unik: ['Konsumer', 'Micro', 'SME']
  Produk unik: ['Briguna Mikro', 'Briguna Ritel', 'KREDIT MIKRO - KPP', 'KUR Mikro', 'Kecil Komersial', 'Kupedes', 'Menengah', 'Mikro - Cash Collateral']
  Pinjaman: 753,323.3
  Small: 467,798.4
  Konsumer: 7,038.0
  Mikro: 278,486.9
  SML: 38,047.7 (5.05%)
  NPL: 40,316.7 (5.35%)
  NPL Small: 21,261.9
  NPL Small baris: 8
    Produk=Kecil Komersial | SEGMEN=SME | Kol=5 | Baki=2,522,223,209
    Produk=Kecil Komersial | SEGMEN=SME | Kol=5 | Baki=2,324,824,868
    Produk=Kecil Komersial | SEGMEN=SME | Kol=5 | Baki=6,828,125,623
    Produk=Kecil Komersial | SEGMEN=SME | Kol=4 | Baki=999,949,178
    Produk=Kecil Komersial | SEGMEN=SME | Kol=5 | Baki=530,000,000

[DEBUG] Krekot - Jun-26
  Total baris: 189
  SEGMEN_2025 unik: ['Konsumer', 'Micro', 'SME']
  Produk unik: ['Briguna Mikro', 'Briguna Ritel', 'KREDIT MIKRO - KPP', 'KUR Mikro', 'Kecil Komersial', 'Kupedes', 'Menengah', 'Mikro - Cash Collateral']
  Pinjaman: 772,067.8
  Small: 484,861.8
  Konsumer: 6,838.8
  Mikro: 280,367.2
  SML: 39,087.2 (5.06%)
  NPL: 40,157.6 (5.20%)
  NPL Small: 20,899.8
  NPL Small baris: 9
    Produk=Kecil Komersial | SEGMEN=SME | Kol=4 | Baki=108,101,518
    Produk=Kecil Komersial | SEGMEN=SME | Kol=5 | Baki=1,275,000,000
    Produk=Kecil Komersial | SEGMEN=SME | Kol=4 | Baki=999,949,178
    Produk=Kecil Komersial | SEGMEN=SME | Kol=4 | Baki=4,000,000,000
    Produk=Kecil Komersial | SEGMEN=SME | Kol=3 | Baki=1,999,600,000

[DEBUG] Krekot - 18 Jul-2026
  Total baris: 215
  SEGMEN_2025 unik: ['Konsumer', 'Micro', 'SME']
  Produk unik: ['Briguna Mikro', 'Briguna Ritel', 'KREDIT MIKRO - KPP', 'KUR Mikro', 'Kecil Komersial', 'Kupedes', 'Menengah', 'Mikro - Cash Collateral']
  Pinjaman: 766,834.8
  Small: 478,087.3
  Konsumer: 6,823.7
  Mikro: 281,923.8
  SML: 79,307.4 (10.34%)
  NPL: 43,539.0 (5.68%)
  NPL Small: 22,396.6
  NPL Small baris: 9
    Produk=Kecil Komersial | SEGMEN=SME | Kol=5 | Baki=6,828,125,623
    Produk=Kecil Komersial | SEGMEN=SME | Kol=4 | Baki=108,101,518
    Produk=Kecil Komersial | SEGMEN=SME | Kol=3 | Baki=310,268,080
    Produk=Kecil Komersial | SEGMEN=SME | Kol=5 | Baki=999,949,178
    Produk=Kecil Komersial | SEGMEN=SME | Kol=4 | Baki=4,000,000,000

[DEBUG] Krekot - 19 Jul-2026
  Total baris: 214
  SEGMEN_2025 unik: ['Konsumer', 'Micro', 'SME']
  Produk unik: ['Briguna Mikro', 'Briguna Ritel', 'KREDIT MIKRO - KPP', 'KUR Mikro', 'Kecil Komersial', 'Kupedes', 'Menengah', 'Mikro - Cash Collateral']
  Pinjaman: 766,687.2
  Small: 478,056.3
  Konsumer: 6,823.7
  Mikro: 281,807.2
  SML: 80,545.6 (10.51%)
  NPL: 43,650.5 (5.69%)
  NPL Small: 22,396.6
  NPL Small baris: 9
    Produk=Kecil Komersial | SEGMEN=SME | Kol=5 | Baki=1,275,000,000
    Produk=Kecil Komersial | SEGMEN=SME | Kol=5 | Baki=999,949,178
    Produk=Kecil Komersial | SEGMEN=SME | Kol=5 | Baki=4,847,048,077
    Produk=Kecil Komersial | SEGMEN=SME | Kol=4 | Baki=108,101,518
    Produk=Kecil Komersial | SEGMEN=SME | Kol=5 | Baki=6,828,125,623

[DEBUG] Krekot - 20 Jul-2026
  Total baris: 426
  SEGMEN_2025 unik: ['Commercial', 'Consumer', 'Konsumer', 'Medium', 'Micro', 'SME', 'Small']
  Produk unik: ['Briguna Mikro', 'Briguna Ritel', 'KREDIT MIKRO - KPP', 'KUR Mikro', 'Kecil Komersial', 'Kupedes', 'Menengah', 'Mikro - Cash Collateral']
  Pinjaman: 1,501,522.6
  Small: 925,186.6
  Konsumer: 13,647.5
  Mikro: 562,688.5
  SML: 167,468.7 (11.15%)
  NPL: 87,506.0 (5.83%)
  NPL Small: 44,793.2
  NPL Small baris: 18
    Produk=Kecil Komersial | SEGMEN=Small | Kol=5 | Baki=999,949,178
    Produk=Kecil Komersial | SEGMEN=Small | Kol=5 | Baki=1,275,000,000
    Produk=Kecil Komersial | SEGMEN=Small | Kol=5 | Baki=4,847,048,077
    Produk=Kecil Komersial | SEGMEN=Small | Kol=4 | Baki=4,000,000,000
    Produk=Kecil Komersial | SEGMEN=Small | Kol=4 | Baki=108,101,518

[DEBUG] Veteran - Jun-25
  Total baris: 161
  SEGMEN_2025 unik: ['Konsumer', 'Korporasi', 'Micro', 'SME']
  Produk unik: ['Briguna Mikro', 'Briguna Ritel', 'ITG', 'KPR', 'Kecil Komersial', 'Lainnya', 'Menengah']
  Pinjaman: 4,863,083.3
  Small: 936,007.5
  Konsumer: 3,922,123.1
  Mikro: 4,952.6
  SML: 99,354.0 (2.04%)
  NPL: 211,416.3 (4.35%)
  NPL Small: 21,331.0
  NPL Small baris: 3
    Produk=Kecil Komersial | SEGMEN=SME | Kol=5 | Baki=1,500,000,000
    Produk=Kecil Komersial | SEGMEN=SME | Kol=4 | Baki=15,559,616,057
    Produk=Kecil Komersial | SEGMEN=SME | Kol=4 | Baki=4,271,433,142

[DEBUG] Veteran - Jul-25
  Total baris: 170
  SEGMEN_2025 unik: ['Konsumer', 'Korporasi', 'Micro', 'SME']
  Produk unik: ['Briguna Mikro', 'Briguna Ritel', 'ITG', 'KPR', 'Kecil Komersial', 'Lainnya', 'Menengah', 'Menengah Kanwil >Rp.200M sd 500 M']
  Pinjaman: 4,876,668.5
  Small: 936,211.9
  Konsumer: 3,935,115.4
  Mikro: 5,341.2
  SML: 114,866.6 (2.36%)
  NPL: 211,186.9 (4.33%)
  NPL Small: 21,331.0
  NPL Small baris: 3
    Produk=Kecil Komersial | SEGMEN=SME | Kol=4 | Baki=4,271,433,142
    Produk=Kecil Komersial | SEGMEN=SME | Kol=5 | Baki=1,500,000,000
    Produk=Kecil Komersial | SEGMEN=SME | Kol=5 | Baki=15,559,616,057

[DEBUG] Veteran - Agu-25
  Total baris: 182
  SEGMEN_2025 unik: ['Konsumer', 'Korporasi', 'Micro', 'SME']
  Produk unik: ['Briguna Mikro', 'Briguna Ritel', 'ITG', 'KPR', 'Kecil Komersial', 'Lainnya', 'Menengah', 'Menengah Kanwil >Rp.200M sd 500 M']
  Pinjaman: 4,903,468.6
  Small: 947,154.3
  Konsumer: 3,950,958.1
  Mikro: 5,356.2
  SML: 165,315.6 (3.37%)
  NPL: 215,901.1 (4.40%)
  NPL Small: 20,347.0
  NPL Small baris: 3
    Produk=Kecil Komersial | SEGMEN=SME | Kol=5 | Baki=1,500,000,000
    Produk=Kecil Komersial | SEGMEN=SME | Kol=5 | Baki=15,559,616,057
    Produk=Kecil Komersial | SEGMEN=SME | Kol=5 | Baki=3,287,353,142

[DEBUG] Veteran - Sep-25
  Total baris: 180
  SEGMEN_2025 unik: ['Konsumer', 'Korporasi', 'Micro', 'SME']
  Produk unik: ['Briguna Mikro', 'Briguna Ritel', 'ITG', 'KPR', 'Kecil Komersial', 'Lainnya', 'Menengah']
  Pinjaman: 4,942,558.1
  Small: 955,374.2
  Konsumer: 3,981,898.0
  Mikro: 5,285.9
  SML: 144,111.5 (2.92%)
  NPL: 240,974.5 (4.88%)
  NPL Small: 20,197.0
  NPL Small baris: 3
    Produk=Kecil Komersial | SEGMEN=SME | Kol=5 | Baki=1,500,000,000
    Produk=Kecil Komersial | SEGMEN=SME | Kol=5 | Baki=3,137,353,142
    Produk=Kecil Komersial | SEGMEN=SME | Kol=5 | Baki=15,559,616,057

[DEBUG] Veteran - Okt-25
  Total baris: 181
  SEGMEN_2025 unik: ['Konsumer', 'Korporasi', 'Micro', 'SME']
  Produk unik: ['Briguna Mikro', 'Briguna Ritel', 'ITG', 'KPR', 'Kecil Komersial', 'Lainnya', 'Menengah']
  Pinjaman: 5,005,134.8
  Small: 982,065.7
  Konsumer: 4,017,511.2
  Mikro: 5,557.9
  SML: 213,975.7 (4.28%)
  NPL: 219,666.1 (4.39%)
  NPL Small: 15,933.8
  NPL Small baris: 3
    Produk=Kecil Komersial | SEGMEN=SME | Kol=5 | Baki=1,500,000,000
    Produk=Kecil Komersial | SEGMEN=SME | Kol=5 | Baki=2,637,353,142
    Produk=Kecil Komersial | SEGMEN=SME | Kol=5 | Baki=11,796,401,926

[DEBUG] Veteran - Nov-25
  Total baris: 0
  SEGMEN_2025 unik: []
  Produk unik: []
  Pinjaman: 0.0
  Small: 0.0
  Konsumer: 0.0
  Mikro: 0.0
  SML: 0.0 (0.00%)
  NPL: 0.0 (0.00%)
  NPL Small: 0.0

[DEBUG] Veteran - Des-25
  Total baris: 178
  SEGMEN_2025 unik: ['Konsumer', 'Korporasi', 'Micro', 'SME']
  Produk unik: ['Briguna Mikro', 'Briguna Ritel', 'ITG', 'KPR', 'Kecil Komersial', 'Lainnya', 'Menengah']
  Pinjaman: 5,157,755.5
  Small: 1,073,920.1
  Konsumer: 4,077,665.5
  Mikro: 6,169.9
  SML: 156,458.7 (3.03%)
  NPL: 215,755.1 (4.18%)
  NPL Small: 13,633.8
  NPL Small baris: 3
    Produk=Kecil Komersial | SEGMEN=SME | Kol=5 | Baki=10,678,621,109
    Produk=Kecil Komersial | SEGMEN=SME | Kol=5 | Baki=1,837,353,142
    Produk=Kecil Komersial | SEGMEN=SME | Kol=5 | Baki=1,117,780,817

[DEBUG] Veteran - Jan-26
  Total baris: 170
  SEGMEN_2025 unik: ['Konsumer', 'Korporasi', 'SME']
  Produk unik: ['Briguna Ritel', 'Commercial (Cashcall) > Rp 25 M S/D 1 T', 'ITG', 'KPR', 'Kecil Komersial', 'Lainnya', 'Menengah', 'Menengah Kanwil >Rp.200M sd 500 M']
  Pinjaman: 5,562,032.0
  Small: 1,061,633.8
  Konsumer: 4,500,398.2
  Mikro: 0.0
  SML: 198,679.5 (3.57%)
  NPL: 275,042.6 (4.95%)
  NPL Small: 13,533.8
  NPL Small baris: 2
    Produk=Kecil Komersial | SEGMEN=SME | Kol=5 | Baki=2,855,133,959
    Produk=Kecil Komersial | SEGMEN=SME | Kol=5 | Baki=10,678,621,109

[DEBUG] Veteran - Feb-26
  Total baris: 172
  SEGMEN_2025 unik: ['Konsumer', 'Korporasi', 'SME']
  Produk unik: ['Briguna Ritel', 'Commercial (Cashcall) > Rp 25 M S/D 1 T', 'ITG', 'KPR', 'Kecil Komersial', 'Lainnya', 'Menengah', 'Menengah Kanwil >Rp.200M sd 500 M']
  Pinjaman: 5,472,200.7
  Small: 983,222.2
  Konsumer: 4,488,978.5
  Mikro: 0.0
  SML: 183,450.8 (3.35%)
  NPL: 270,617.1 (4.95%)
  NPL Small: 13,483.8
  NPL Small baris: 2
    Produk=Kecil Komersial | SEGMEN=SME | Kol=5 | Baki=2,805,133,959
    Produk=Kecil Komersial | SEGMEN=SME | Kol=5 | Baki=10,678,621,109

[DEBUG] Veteran - Mar-26
  Total baris: 174
  SEGMEN_2025 unik: ['Konsumer', 'Korporasi', 'SME']
  Produk unik: ['(KWL) 1. MENENGAH > Rp 25 M S/D 50 M - Cash Collateral', 'Briguna Ritel', 'Commercial (Cashcall) > Rp 25 M S/D 1 T', 'ITG', 'KPR', 'Kecil Komersial', 'Lainnya', 'Menengah', 'Menengah Kanwil >Rp.200M sd 500 M']
  Pinjaman: 5,489,354.5
  Small: 1,017,014.8
  Konsumer: 4,472,339.7
  Mikro: 0.0
  SML: 142,926.6 (2.60%)
  NPL: 257,852.7 (4.70%)
  NPL Small: 13,433.8
  NPL Small baris: 2
    Produk=Kecil Komersial | SEGMEN=SME | Kol=5 | Baki=2,755,133,959
    Produk=Kecil Komersial | SEGMEN=SME | Kol=5 | Baki=10,678,621,109

[DEBUG] Veteran - Apr-26
  Total baris: 168
  SEGMEN_2025 unik: ['Konsumer', 'Korporasi', 'SME']
  Produk unik: ['(KWL) 1. MENENGAH > Rp 25 M S/D 50 M - Cash Collateral', 'Briguna Ritel', 'Commercial (Cashcall) > Rp 25 M S/D 1 T', 'ITG', 'KPR', 'Kecil Komersial', 'Lainnya', 'Menengah', 'Menengah Kanwil >Rp.200M sd 500 M']
  Pinjaman: 5,515,235.5
  Small: 1,015,798.9
  Konsumer: 4,499,436.6
  Mikro: 0.0
  SML: 181,792.4 (3.30%)
  NPL: 249,565.0 (4.52%)
  NPL Small: 1,562.4
  NPL Small baris: 1
    Produk=Kecil Komersial | SEGMEN=SME | Kol=5 | Baki=1,562,353,142

[DEBUG] Veteran - Mei-26
  Total baris: 167
  SEGMEN_2025 unik: ['Konsumer', 'Korporasi', 'SME']
  Produk unik: ['(KWL) 1. MENENGAH > Rp 25 M S/D 50 M - Cash Collateral', 'Briguna Ritel', 'Commercial (Cashcall) > Rp 25 M S/D 1 T', 'ITG', 'KPR', 'Kecil Komersial', 'Lainnya', 'Menengah', 'Menengah Kanwil >Rp.200M sd 500 M']
  Pinjaman: 5,624,059.1
  Small: 1,121,670.5
  Konsumer: 4,502,388.6
  Mikro: 0.0
  SML: 176,931.5 (3.15%)
  NPL: 240,376.8 (4.27%)
  NPL Small: 0.0

[DEBUG] Veteran - Jun-26
  Total baris: 171
  SEGMEN_2025 unik: ['Konsumer', 'Korporasi', 'SME']
  Produk unik: ['Briguna Ritel', 'Commercial (Cashcall) > Rp 25 M S/D 1 T', 'ITG', 'KPR', 'Kecil Komersial', 'Lainnya', 'Menengah', 'Menengah Kanwil >Rp.200M sd 500 M']
  Pinjaman: 5,688,813.4
  Small: 1,168,941.5
  Konsumer: 4,519,872.0
  Mikro: 0.0
  SML: 179,524.6 (3.16%)
  NPL: 218,100.7 (3.83%)
  NPL Small: 0.0

[DEBUG] Veteran - 18 Jul-2026
  Total baris: 170
  SEGMEN_2025 unik: ['Konsumer', 'SME']
  Produk unik: ['Briguna Ritel', 'Commercial (Cashcall) > Rp 25 M S/D 1 T', 'KPR', 'Kecil Komersial', 'Lainnya', 'Menengah', 'Menengah Kanwil >Rp.200M sd 500 M']
  Pinjaman: 5,702,202.2
  Small: 1,175,108.4
  Konsumer: 4,527,093.9
  Mikro: 0.0
  SML: 495,518.6 (8.69%)
  NPL: 230,638.3 (4.04%)
  NPL Small: 0.0

[DEBUG] Veteran - 19 Jul-2026
  Total baris: 170
  SEGMEN_2025 unik: ['Konsumer', 'SME']
  Produk unik: ['Briguna Ritel', 'Commercial (Cashcall) > Rp 25 M S/D 1 T', 'KPR', 'Kecil Komersial', 'Lainnya', 'Menengah', 'Menengah Kanwil >Rp.200M sd 500 M']
  Pinjaman: 5,701,886.2
  Small: 1,175,658.0
  Konsumer: 4,526,228.1
  Mikro: 0.0
  SML: 532,777.2 (9.34%)
  NPL: 230,870.2 (4.05%)
  NPL Small: 0.0

[DEBUG] Veteran - 20 Jul-2026
  Total baris: 340
  SEGMEN_2025 unik: ['Commercial', 'Consumer', 'Konsumer', 'Medium', 'SME', 'Small']
  Produk unik: ['Briguna Ritel', 'Commercial (Cashcall) > Rp 25 M S/D 1 T', 'KPR', 'Kecil Komersial', 'Lainnya', 'Menengah', 'Menengah Kanwil >Rp.200M sd 500 M']
  Pinjaman: 11,209,034.9
  Small: 2,160,222.2
  Konsumer: 9,048,812.6
  Mikro: 0.0
  SML: 1,107,352.7 (9.88%)
  NPL: 461,576.5 (4.12%)
  NPL Small: 0.0

[DEBUG] Roxi - Jun-25
  Total baris: 96
  SEGMEN_2025 unik: ['Konsumer', 'SME']
  Produk unik: ['Briguna Ritel', 'KUR Kecil', 'Kecil Komersial', 'Lainnya']
  Pinjaman: 255,699.2
  Small: 254,887.6
  Konsumer: 811.6
  Mikro: 0.0
  SML: 26,010.2 (10.17%)
  NPL: 26,676.6 (10.43%)
  NPL Small: 26,069.0
  NPL Small baris: 22
    Produk=Kecil Komersial | SEGMEN=SME | Kol=5 | Baki=2,824,458,685
    Produk=Kecil Komersial | SEGMEN=SME | Kol=4 | Baki=2,850,000,000
    Produk=Kecil Komersial | SEGMEN=SME | Kol=5 | Baki=700,349,017
    Produk=Kecil Komersial | SEGMEN=SME | Kol=5 | Baki=738,507,945
    Produk=Kecil Komersial | SEGMEN=SME | Kol=3 | Baki=372,730,276

[DEBUG] Roxi - Jul-25
  Total baris: 351
  SEGMEN_2025 unik: ['Konsumer', 'Micro', 'SME']
  Produk unik: ['Briguna Mikro', 'Briguna Ritel', 'KUR Kecil', 'KUR Mikro', 'Kecil Komersial', 'Kupedes', 'Lainnya']
  Pinjaman: 959,276.1
  Small: 220,358.8
  Konsumer: 57.7
  Mikro: 738,859.6
  SML: 60,624.5 (6.32%)
  NPL: 49,040.4 (5.11%)
  NPL Small: 16,504.2
  NPL Small baris: 9
    Produk=Kecil Komersial | SEGMEN=SME | Kol=5 | Baki=5,000,000,000
    Produk=Kecil Komersial | SEGMEN=SME | Kol=5 | Baki=999,200,000
    Produk=Kecil Komersial | SEGMEN=SME | Kol=5 | Baki=1,000,000,000
    Produk=Kecil Komersial | SEGMEN=SME | Kol=5 | Baki=780,000,000
    Produk=Kecil Komersial | SEGMEN=SME | Kol=5 | Baki=1,225,000,000

[DEBUG] Roxi - Agu-25
  Total baris: 342
  SEGMEN_2025 unik: ['Konsumer', 'Micro', 'SME']
  Produk unik: ['Briguna Mikro', 'Briguna Ritel', 'KUR Kecil', 'KUR Mikro', 'Kecil Komersial', 'Kupedes', 'Lainnya']
  Pinjaman: 954,459.8
  Small: 218,668.6
  Konsumer: 78.8
  Mikro: 735,712.4
  SML: 63,174.8 (6.62%)
  NPL: 46,416.4 (4.86%)
  NPL Small: 14,288.9
  NPL Small baris: 6
    Produk=Kecil Komersial | SEGMEN=SME | Kol=5 | Baki=5,000,000,000
    Produk=Kecil Komersial | SEGMEN=SME | Kol=5 | Baki=999,200,000
    Produk=Kecil Komersial | SEGMEN=SME | Kol=5 | Baki=5,850,000,000
    Produk=Kecil Komersial | SEGMEN=SME | Kol=5 | Baki=789,695,247
    Produk=Kecil Komersial | SEGMEN=SME | Kol=5 | Baki=350,000,000

[DEBUG] Roxi - Sep-25
  Total baris: 347
  SEGMEN_2025 unik: ['Konsumer', 'Micro', 'SME']
  Produk unik: ['Briguna Mikro', 'Briguna Ritel', 'KUR Kecil', 'KUR Mikro', 'Kecil Komersial', 'Kupedes']
  Pinjaman: 957,342.0
  Small: 217,007.8
  Konsumer: 81.2
  Mikro: 740,252.9
  SML: 59,653.6 (6.23%)
  NPL: 45,775.8 (4.78%)
  NPL Small: 14,318.9
  NPL Small baris: 6
    Produk=Kecil Komersial | SEGMEN=SME | Kol=5 | Baki=999,200,000
    Produk=Kecil Komersial | SEGMEN=SME | Kol=3 | Baki=400,000,000
    Produk=Kecil Komersial | SEGMEN=SME | Kol=5 | Baki=769,695,247
    Produk=Kecil Komersial | SEGMEN=SME | Kol=5 | Baki=5,850,000,000
    Produk=Kecil Komersial | SEGMEN=SME | Kol=5 | Baki=5,000,000,000

[DEBUG] Roxi - Okt-25
  Total baris: 349
  SEGMEN_2025 unik: ['Konsumer', 'Micro', 'SME']
  Produk unik: ['Briguna Mikro', 'Briguna Ritel', 'KUR Kecil', 'KUR Mikro', 'Kecil Komersial', 'Kupedes']
  Pinjaman: 965,960.2
  Small: 220,959.8
  Konsumer: 78.9
  Mikro: 744,921.5
  SML: 66,003.6 (6.83%)
  NPL: 43,100.7 (4.46%)
  NPL Small: 15,264.0
  NPL Small baris: 8
    Produk=Kecil Komersial | SEGMEN=SME | Kol=5 | Baki=5,850,000,000
    Produk=Kecil Komersial | SEGMEN=SME | Kol=3 | Baki=843,917,267
    Produk=Kecil Komersial | SEGMEN=SME | Kol=5 | Baki=5,000,000,000
    Produk=Kecil Komersial | SEGMEN=SME | Kol=5 | Baki=1,300,000,000
    Produk=Kecil Komersial | SEGMEN=SME | Kol=5 | Baki=769,695,247

[DEBUG] Roxi - Nov-25
  Total baris: 0
  SEGMEN_2025 unik: []
  Produk unik: []
  Pinjaman: 0.0
  Small: 0.0
  Konsumer: 0.0
  Mikro: 0.0
  SML: 0.0 (0.00%)
  NPL: 0.0 (0.00%)
  NPL Small: 0.0

[DEBUG] Roxi - Des-25
  Total baris: 346
  SEGMEN_2025 unik: ['Konsumer', 'Micro', 'SME']
  Produk unik: ['Briguna Mikro', 'Briguna Ritel', 'KUR Mikro', 'Kecil Komersial', 'Kredit Mikro - KUR Ritel 2015', 'Kupedes']
  Pinjaman: 1,018,709.8
  Small: 243,146.7
  Konsumer: 29.6
  Mikro: 775,533.4
  SML: 47,750.9 (4.69%)
  NPL: 40,557.6 (3.98%)
  NPL Small: 15,363.3
  NPL Small baris: 8
    Produk=Kecil Komersial | SEGMEN=SME | Kol=4 | Baki=823,334,723
    Produk=Kecil Komersial | SEGMEN=SME | Kol=3 | Baki=3,000,000,000
    Produk=Kecil Komersial | SEGMEN=SME | Kol=3 | Baki=3,990,800,000
    Produk=Kecil Komersial | SEGMEN=SME | Kol=5 | Baki=400,000,000
    Produk=Kecil Komersial | SEGMEN=SME | Kol=5 | Baki=999,200,000

[DEBUG] Roxi - Jan-26
  Total baris: 356
  SEGMEN_2025 unik: ['Konsumer', 'Micro', 'SME']
  Produk unik: ['Briguna Mikro', 'Briguna Ritel', 'KREDIT MIKRO - KPP', 'KUR Mikro', 'Kecil Komersial', 'Kredit Mikro - KUR Ritel 2015', 'Kupedes', 'Mikro - Cash Collateral']
  Pinjaman: 1,014,773.5
  Small: 236,890.4
  Konsumer: 27.7
  Mikro: 777,855.4
  SML: 51,878.4 (5.11%)
  NPL: 42,892.3 (4.23%)
  NPL Small: 15,661.0
  NPL Small baris: 8
    Produk=Kecil Komersial | SEGMEN=SME | Kol=3 | Baki=1,120,989,944
    Produk=Kecil Komersial | SEGMEN=SME | Kol=5 | Baki=999,200,000
    Produk=Kecil Komersial | SEGMEN=SME | Kol=5 | Baki=400,000,000
    Produk=Kecil Komersial | SEGMEN=SME | Kol=4 | Baki=3,990,800,000
    Produk=Kecil Komersial | SEGMEN=SME | Kol=5 | Baki=1,300,000,000

[DEBUG] Roxi - Feb-26
  Total baris: 371
  SEGMEN_2025 unik: ['Konsumer', 'Micro', 'SME']
  Produk unik: ['Briguna Mikro', 'Briguna Ritel', 'KREDIT MIKRO - KPP', 'KUR Mikro', 'Kecil Komersial', 'Kredit Mikro - KUR Ritel 2015', 'Kupedes', 'Mikro - Cash Collateral']
  Pinjaman: 1,005,242.3
  Small: 223,182.5
  Konsumer: 25.7
  Mikro: 782,034.1
  SML: 54,455.4 (5.42%)
  NPL: 44,150.3 (4.39%)
  NPL Small: 15,111.0
  NPL Small baris: 8
    Produk=Kecil Komersial | SEGMEN=SME | Kol=5 | Baki=2,850,000,000
    Produk=Kecil Komersial | SEGMEN=SME | Kol=4 | Baki=3,000,000,000
    Produk=Kecil Komersial | SEGMEN=SME | Kol=3 | Baki=750,000,000
    Produk=Kecil Komersial | SEGMEN=SME | Kol=5 | Baki=2,000,000,000
    Produk=Kecil Komersial | SEGMEN=SME | Kol=4 | Baki=1,120,989,944

[DEBUG] Roxi - Mar-26
  Total baris: 367
  SEGMEN_2025 unik: ['Konsumer', 'Micro', 'SME']
  Produk unik: ['Briguna Mikro', 'Briguna Ritel', 'KREDIT MIKRO - KPP', 'KUR Mikro', 'Kecil Komersial', 'Kredit Mikro - KUR Ritel 2015', 'Kupedes', 'Mikro - Cash Collateral']
  Pinjaman: 1,019,254.7
  Small: 236,566.3
  Konsumer: 23.7
  Mikro: 782,664.7
  SML: 49,722.9 (4.88%)
  NPL: 43,856.9 (4.30%)
  NPL Small: 15,510.0
  NPL Small baris: 9
    Produk=Kecil Komersial | SEGMEN=SME | Kol=4 | Baki=750,000,000
    Produk=Kecil Komersial | SEGMEN=SME | Kol=5 | Baki=3,000,000,000
    Produk=Kecil Komersial | SEGMEN=SME | Kol=5 | Baki=2,000,000,000
    Produk=Kecil Komersial | SEGMEN=SME | Kol=5 | Baki=3,990,800,000
    Produk=Kecil Komersial | SEGMEN=SME | Kol=3 | Baki=2,272,783,571

[DEBUG] Roxi - Apr-26
  Total baris: 361
  SEGMEN_2025 unik: ['Konsumer', 'Micro', 'SME']
  Produk unik: ['Briguna Mikro', 'Briguna Ritel', 'KREDIT MIKRO - KPP', 'KUR Mikro', 'Kecil Komersial', 'Kredit Mikro - KUR Ritel 2015', 'Kupedes', 'Mikro - Cash Collateral']
  Pinjaman: 1,031,851.8
  Small: 246,641.0
  Konsumer: 505.9
  Mikro: 784,705.0
  SML: 46,956.6 (4.55%)
  NPL: 43,787.0 (4.24%)
  NPL Small: 15,019.2
  NPL Small baris: 7
    Produk=Kecil Komersial | SEGMEN=SME | Kol=3 | Baki=3,500,000,000
    Produk=Kecil Komersial | SEGMEN=SME | Kol=4 | Baki=1,750,000,000
    Produk=Kecil Komersial | SEGMEN=SME | Kol=4 | Baki=990,414,085
    Produk=Kecil Komersial | SEGMEN=SME | Kol=5 | Baki=400,000,000
    Produk=Kecil Komersial | SEGMEN=SME | Kol=4 | Baki=2,272,783,571

[DEBUG] Roxi - Mei-26
  Total baris: 353
  SEGMEN_2025 unik: ['Konsumer', 'Micro', 'SME']
  Produk unik: ['Briguna Mikro', 'Briguna Ritel', 'KREDIT MIKRO - KPP', 'KUR Mikro', 'Kecil Komersial', 'Kredit Mikro - KUR Ritel 2015', 'Kupedes', 'Mikro - Cash Collateral']
  Pinjaman: 1,030,520.7
  Small: 248,438.8
  Konsumer: 501.8
  Mikro: 781,580.0
  SML: 48,780.8 (4.73%)
  NPL: 47,211.3 (4.58%)
  NPL Small: 17,015.1
  NPL Small baris: 9
    Produk=Kecil Komersial | SEGMEN=SME | Kol=4 | Baki=1,000,000,000
    Produk=Kecil Komersial | SEGMEN=SME | Kol=5 | Baki=400,000,000
    Produk=Kecil Komersial | SEGMEN=SME | Kol=4 | Baki=989,378,333
    Produk=Kecil Komersial | SEGMEN=SME | Kol=5 | Baki=3,000,000,000
    Produk=Kecil Komersial | SEGMEN=SME | Kol=4 | Baki=5,772,783,571

[DEBUG] Roxi - Jun-26
  Total baris: 365
  SEGMEN_2025 unik: ['Konsumer', 'Micro', 'SME']
  Produk unik: ['Briguna Mikro', 'Briguna Ritel', 'KREDIT MIKRO - KPP', 'KUR Mikro', 'Kecil Komersial', 'Kredit Mikro - KUR Ritel 2015', 'Kupedes', 'Mikro - Cash Collateral']
  Pinjaman: 1,037,667.5
  Small: 254,522.4
  Konsumer: 497.8
  Mikro: 782,647.3
  SML: 50,815.3 (4.90%)
  NPL: 49,480.1 (4.77%)
  NPL Small: 17,306.2
  NPL Small baris: 9
    Produk=Kecil Komersial | SEGMEN=SME | Kol=5 | Baki=3,000,000,000
    Produk=Kecil Komersial | SEGMEN=SME | Kol=5 | Baki=2,000,000,000
    Produk=Kecil Komersial | SEGMEN=SME | Kol=4 | Baki=3,500,000,000
    Produk=Kecil Komersial | SEGMEN=SME | Kol=5 | Baki=989,378,333
    Produk=Kecil Komersial | SEGMEN=SME | Kol=3 | Baki=1,797,487,507

[DEBUG] Roxi - 18 Jul-2026
  Total baris: 379
  SEGMEN_2025 unik: ['Konsumer', 'Micro', 'SME']
  Produk unik: ['Briguna Mikro', 'Briguna Ritel', 'KREDIT MIKRO - KPP', 'KUR Mikro', 'Kecil Komersial', 'Kredit Mikro - KUR Ritel 2015', 'Kupedes', 'Mikro - Cash Collateral']
  Pinjaman: 1,024,627.3
  Small: 240,566.3
  Konsumer: 494.7
  Mikro: 783,566.2
  SML: 124,843.8 (12.18%)
  NPL: 55,070.9 (5.37%)
  NPL Small: 16,806.4
  NPL Small baris: 8
    Produk=Kecil Komersial | SEGMEN=SME | Kol=5 | Baki=3,000,000,000
    Produk=Kecil Komersial | SEGMEN=SME | Kol=4 | Baki=3,500,000,000
    Produk=Kecil Komersial | SEGMEN=SME | Kol=5 | Baki=2,272,573,994
    Produk=Kecil Komersial | SEGMEN=SME | Kol=5 | Baki=2,000,000,000
    Produk=Kecil Komersial | SEGMEN=SME | Kol=4 | Baki=1,497,000,000

[DEBUG] Roxi - 19 Jul-2026
  Total baris: 380
  SEGMEN_2025 unik: ['Konsumer', 'Micro', 'SME']
  Produk unik: ['Briguna Mikro', 'Briguna Ritel', 'KREDIT MIKRO - KPP', 'KUR Mikro', 'Kecil Komersial', 'Kredit Mikro - KUR Ritel 2015', 'Kupedes', 'Mikro - Cash Collateral']
  Pinjaman: 1,024,344.3
  Small: 240,559.2
  Konsumer: 494.7
  Mikro: 783,290.4
  SML: 130,379.4 (12.73%)
  NPL: 55,720.9 (5.44%)
  NPL Small: 16,806.4
  NPL Small baris: 8
    Produk=Kecil Komersial | SEGMEN=SME | Kol=5 | Baki=2,000,000,000
    Produk=Kecil Komersial | SEGMEN=SME | Kol=5 | Baki=2,272,573,994
    Produk=Kecil Komersial | SEGMEN=SME | Kol=5 | Baki=1,750,000,000
    Produk=Kecil Komersial | SEGMEN=SME | Kol=4 | Baki=1,497,000,000
    Produk=Kecil Komersial | SEGMEN=SME | Kol=3 | Baki=1,797,487,507

[DEBUG] Roxi - 20 Jul-2026
  Total baris: 758
  SEGMEN_2025 unik: ['Consumer', 'Konsumer', 'Medium', 'Micro', 'SME', 'Small']
  Produk unik: ['Briguna Mikro', 'Briguna Ritel', 'KREDIT MIKRO - KPP', 'KUR Mikro', 'Kecil Komersial', 'Kredit Mikro - KUR Ritel 2015', 'Kupedes', 'Mikro - Cash Collateral']
  Pinjaman: 2,055,042.7
  Small: 487,174.1
  Konsumer: 989.4
  Mikro: 1,566,879.2
  SML: 271,635.9 (13.22%)
  NPL: 112,249.8 (5.46%)
  NPL Small: 33,612.9
  NPL Small baris: 16
    Produk=Kecil Komersial | SEGMEN=Small | Kol=5 | Baki=3,000,000,000
    Produk=Kecil Komersial | SEGMEN=Small | Kol=3 | Baki=1,797,487,507
    Produk=Kecil Komersial | SEGMEN=Small | Kol=5 | Baki=989,378,333
    Produk=Kecil Komersial | SEGMEN=Small | Kol=5 | Baki=2,272,573,994
    Produk=Kecil Komersial | SEGMEN=Small | Kol=5 | Baki=1,750,000,000

[DEBUG] Gunung Sahari - Jun-25
  Total baris: 86
  SEGMEN_2025 unik: ['Konsumer', 'SME']
  Produk unik: ['Briguna Ritel', 'KUR Kecil', 'Kecil Komersial', 'Lainnya', 'Menengah']
  Pinjaman: 487,631.5
  Small: 487,575.0
  Konsumer: 56.5
  Mikro: 0.0
  SML: 47,081.3 (9.66%)
  NPL: 48,470.9 (9.94%)
  NPL Small: 48,470.9
  NPL Small baris: 17
    Produk=Kecil Komersial | SEGMEN=SME | Kol=5 | Baki=9,998,000,000
    Produk=Kecil Komersial | SEGMEN=SME | Kol=3 | Baki=247,435,755
    Produk=Kecil Komersial | SEGMEN=SME | Kol=5 | Baki=6,093,650,159
    Produk=Kecil Komersial | SEGMEN=SME | Kol=3 | Baki=1,000,000,000
    Produk=Kecil Komersial | SEGMEN=SME | Kol=4 | Baki=2,186,705,222

[DEBUG] Gunung Sahari - Jul-25
  Total baris: 91
  SEGMEN_2025 unik: ['Konsumer', 'Micro', 'SME']
  Produk unik: ['Briguna Mikro', 'Briguna Ritel', 'KPR', 'KUR Kecil', 'Kecil Komersial', 'Lainnya', 'Menengah']
  Pinjaman: 1,143,791.9
  Small: 443,908.1
  Konsumer: 699,537.4
  Mikro: 346.4
  SML: 69,965.4 (6.12%)
  NPL: 70,490.0 (6.16%)
  NPL Small: 43,150.1
  NPL Small baris: 12
    Produk=Kecil Komersial | SEGMEN=SME | Kol=4 | Baki=3,500,000,000
    Produk=Kecil Komersial | SEGMEN=SME | Kol=5 | Baki=3,000,000,000
    Produk=Kecil Komersial | SEGMEN=SME | Kol=5 | Baki=234,000,000
    Produk=Kecil Komersial | SEGMEN=SME | Kol=5 | Baki=2,996,756,685
    Produk=Kecil Komersial | SEGMEN=SME | Kol=3 | Baki=3,493,211,167

[DEBUG] Gunung Sahari - Agu-25
  Total baris: 100
  SEGMEN_2025 unik: ['Konsumer', 'Micro', 'SME']
  Produk unik: ['Briguna Mikro', 'Briguna Ritel', 'KPR', 'KUR Kecil', 'Kecil Komersial', 'Lainnya', 'Menengah']
  Pinjaman: 1,209,355.3
  Small: 514,830.0
  Konsumer: 694,184.0
  Mikro: 341.3
  SML: 72,194.5 (5.97%)
  NPL: 75,234.2 (6.22%)
  NPL Small: 43,140.1
  NPL Small baris: 13
    Produk=Kecil Komersial | SEGMEN=SME | Kol=5 | Baki=3,552,852,956
    Produk=Kecil Komersial | SEGMEN=SME | Kol=4 | Baki=3,500,000,000
    Produk=Kecil Komersial | SEGMEN=SME | Kol=5 | Baki=3,000,000,000
    Produk=Kecil Komersial | SEGMEN=SME | Kol=5 | Baki=1,978,756,685
    Produk=Kecil Komersial | SEGMEN=SME | Kol=5 | Baki=3,294,250,159

[DEBUG] Gunung Sahari - Sep-25
  Total baris: 91
  SEGMEN_2025 unik: ['Konsumer', 'Micro', 'SME']
  Produk unik: ['Briguna Mikro', 'Briguna Ritel', 'KPR', 'KUR Kecil', 'Kecil Komersial', 'Lainnya', 'Menengah']
  Pinjaman: 1,211,996.3
  Small: 515,991.1
  Konsumer: 695,668.9
  Mikro: 336.2
  SML: 65,018.5 (5.36%)
  NPL: 78,548.8 (6.48%)
  NPL Small: 41,159.6
  NPL Small baris: 10
    Produk=Kecil Komersial | SEGMEN=SME | Kol=5 | Baki=5,993,000,000
    Produk=Kecil Komersial | SEGMEN=SME | Kol=5 | Baki=3,552,852,956
    Produk=Kecil Komersial | SEGMEN=SME | Kol=4 | Baki=3,491,506,227
    Produk=Kecil Komersial | SEGMEN=SME | Kol=5 | Baki=3,600,000,000
    Produk=Kecil Komersial | SEGMEN=SME | Kol=5 | Baki=234,000,000

[DEBUG] Gunung Sahari - Okt-25
  Total baris: 90
  SEGMEN_2025 unik: ['Konsumer', 'Micro', 'SME']
  Produk unik: ['Briguna Mikro', 'Briguna Ritel', 'KPR', 'KUR Kecil', 'Kecil Komersial', 'Lainnya', 'Menengah']
  Pinjaman: 1,232,672.6
  Small: 527,299.9
  Konsumer: 705,041.7
  Mikro: 331.0
  SML: 67,751.7 (5.50%)
  NPL: 73,457.4 (5.96%)
  NPL Small: 37,515.0
  NPL Small baris: 10
    Produk=Kecil Komersial | SEGMEN=SME | Kol=5 | Baki=6,794,250,159
    Produk=Kecil Komersial | SEGMEN=SME | Kol=3 | Baki=360,416,667
    Produk=Kecil Komersial | SEGMEN=SME | Kol=5 | Baki=9,998,000,000
    Produk=Kecil Komersial | SEGMEN=SME | Kol=5 | Baki=2,600,000,000
    Produk=Kecil Komersial | SEGMEN=SME | Kol=5 | Baki=234,000,000

[DEBUG] Gunung Sahari - Nov-25
  Total baris: 0
  SEGMEN_2025 unik: []
  Produk unik: []
  Pinjaman: 0.0
  Small: 0.0
  Konsumer: 0.0
  Mikro: 0.0
  SML: 0.0 (0.00%)
  NPL: 0.0 (0.00%)
  NPL Small: 0.0

[DEBUG] Gunung Sahari - Des-25
  Total baris: 89
  SEGMEN_2025 unik: ['Konsumer', 'Micro', 'SME']
  Produk unik: ['Briguna Mikro', 'Briguna Ritel', 'KPR', 'Kecil Komersial', 'Kredit Mikro - KUR Ritel 2015', 'Lainnya', 'Menengah']
  Pinjaman: 1,274,758.5
  Small: 537,054.2
  Konsumer: 727,864.5
  Mikro: 9,839.8
  SML: 53,830.1 (4.22%)
  NPL: 73,833.1 (5.79%)
  NPL Small: 35,665.6
  NPL Small baris: 8
    Produk=Kecil Komersial | SEGMEN=SME | Kol=5 | Baki=9,998,000,000
    Produk=Kecil Komersial | SEGMEN=SME | Kol=5 | Baki=3,476,475,148
    Produk=Kecil Komersial | SEGMEN=SME | Kol=5 | Baki=6,794,250,159
    Produk=Kecil Komersial | SEGMEN=SME | Kol=5 | Baki=4,496,000,000
    Produk=Kecil Komersial | SEGMEN=SME | Kol=5 | Baki=5,993,000,000

[DEBUG] Gunung Sahari - Jan-26
  Total baris: 77
  SEGMEN_2025 unik: ['Konsumer', 'Micro', 'SME']
  Produk unik: ['Briguna Ritel', 'KPR', 'Kecil Komersial', 'Kredit Mikro - KUR Ritel 2015', 'Lainnya', 'Menengah', 'Menengah Kanwil >Rp.200M sd 500 M']
  Pinjaman: 1,264,584.3
  Small: 530,655.5
  Konsumer: 725,181.5
  Mikro: 8,747.2
  SML: 62,873.0 (4.97%)
  NPL: 73,754.1 (5.83%)
  NPL Small: 34,862.6
  NPL Small baris: 8
    Produk=Kecil Komersial | SEGMEN=SME | Kol=5 | Baki=2,452,902,956
    Produk=Kecil Komersial | SEGMEN=SME | Kol=3 | Baki=4,200,000,000
    Produk=Kecil Komersial | SEGMEN=SME | Kol=4 | Baki=994,600,000
    Produk=Kecil Komersial | SEGMEN=SME | Kol=5 | Baki=360,416,667
    Produk=Kecil Komersial | SEGMEN=SME | Kol=5 | Baki=5,000,000,000

[DEBUG] Gunung Sahari - Feb-26
  Total baris: 78
  SEGMEN_2025 unik: ['Konsumer', 'Micro', 'SME']
  Produk unik: ['Briguna Ritel', 'KPR', 'Kecil Komersial', 'Kredit Mikro - KUR Ritel 2015', 'Lainnya', 'Menengah', 'Menengah Kanwil >Rp.200M sd 500 M']
  Pinjaman: 1,271,450.8
  Small: 529,375.3
  Konsumer: 733,110.5
  Mikro: 8,965.0
  SML: 73,220.2 (5.76%)
  NPL: 73,681.5 (5.80%)
  NPL Small: 34,857.6
  NPL Small baris: 8
    Produk=Kecil Komersial | SEGMEN=SME | Kol=4 | Baki=994,600,000
    Produk=Kecil Komersial | SEGMEN=SME | Kol=5 | Baki=5,993,000,000
    Produk=Kecil Komersial | SEGMEN=SME | Kol=5 | Baki=360,416,667
    Produk=Kecil Komersial | SEGMEN=SME | Kol=5 | Baki=2,107,950,000
    Produk=Kecil Komersial | SEGMEN=SME | Kol=5 | Baki=13,748,703,807

[DEBUG] Gunung Sahari - Mar-26
  Total baris: 79
  SEGMEN_2025 unik: ['Konsumer', 'Micro', 'SME']
  Produk unik: ['Briguna Ritel', 'KPR', 'Kecil Komersial', 'Kredit Mikro - KUR Ritel 2015', 'Lainnya', 'Menengah', 'Menengah Kanwil >Rp.200M sd 500 M']
  Pinjaman: 1,276,711.5
  Small: 531,775.9
  Konsumer: 735,860.3
  Mikro: 9,075.3
  SML: 62,500.5 (4.90%)
  NPL: 71,748.2 (5.62%)
  NPL Small: 31,310.9
  NPL Small baris: 9
    Produk=Kecil Komersial | SEGMEN=SME | Kol=5 | Baki=2,452,902,956
    Produk=Kecil Komersial | SEGMEN=SME | Kol=5 | Baki=5,000,000,000
    Produk=Kecil Komersial | SEGMEN=SME | Kol=5 | Baki=5,993,000,000
    Produk=Kecil Komersial | SEGMEN=SME | Kol=4 | Baki=4,200,000,000
    Produk=Kecil Komersial | SEGMEN=SME | Kol=5 | Baki=1,008,000,000

[DEBUG] Gunung Sahari - Apr-26
  Total baris: 80
  SEGMEN_2025 unik: ['Konsumer', 'Micro', 'SME']
  Produk unik: ['Briguna Ritel', 'KPR', 'Kecil Komersial', 'Kredit Mikro - KUR Ritel 2015', 'Lainnya', 'Menengah', 'Menengah Kanwil >Rp.200M sd 500 M']
  Pinjaman: 1,278,749.5
  Small: 528,032.6
  Konsumer: 741,346.0
  Mikro: 9,371.0
  SML: 76,182.4 (5.96%)
  NPL: 68,740.8 (5.38%)
  NPL Small: 29,065.6
  NPL Small baris: 10
    Produk=Kecil Komersial | SEGMEN=SME | Kol=5 | Baki=1,008,000,000
    Produk=Kecil Komersial | SEGMEN=SME | Kol=5 | Baki=994,600,000
    Produk=Kecil Komersial | SEGMEN=SME | Kol=5 | Baki=6,963,944,083
    Produk=Kecil Komersial | SEGMEN=SME | Kol=3 | Baki=3,100,000,000
    Produk=Kecil Komersial | SEGMEN=SME | Kol=5 | Baki=4,200,000,000

[DEBUG] Gunung Sahari - Mei-26
  Total baris: 82
  SEGMEN_2025 unik: ['Konsumer', 'SME']
  Produk unik: ['Briguna Ritel', 'KPR', 'Kecil Komersial', 'Lainnya', 'Menengah', 'Menengah Kanwil >Rp.200M sd 500 M']
  Pinjaman: 1,251,843.9
  Small: 512,804.3
  Konsumer: 739,039.6
  Mikro: 0.0
  SML: 63,053.1 (5.04%)
  NPL: 64,395.6 (5.14%)
  NPL Small: 25,798.1
  NPL Small baris: 11
    Produk=Kecil Komersial | SEGMEN=SME | Kol=5 | Baki=1,008,000,000
    Produk=Kecil Komersial | SEGMEN=SME | Kol=5 | Baki=4,200,000,000
    Produk=Kecil Komersial | SEGMEN=SME | Kol=4 | Baki=542,781,490
    Produk=Kecil Komersial | SEGMEN=SME | Kol=5 | Baki=994,600,000
    Produk=Kecil Komersial | SEGMEN=SME | Kol=5 | Baki=360,416,667

[DEBUG] Gunung Sahari - Jun-26
  Total baris: 79
  SEGMEN_2025 unik: ['Konsumer', 'SME']
  Produk unik: ['Briguna Ritel', 'KPR', 'Kecil Komersial', 'Lainnya', 'Menengah', 'Menengah Kanwil >Rp.200M sd 500 M']
  Pinjaman: 1,254,316.6
  Small: 502,422.9
  Konsumer: 751,893.8
  Mikro: 0.0
  SML: 56,507.3 (4.50%)
  NPL: 64,435.0 (5.14%)
  NPL Small: 28,862.3
  NPL Small baris: 13
    Produk=Kecil Komersial | SEGMEN=SME | Kol=4 | Baki=76,337,799
    Produk=Kecil Komersial | SEGMEN=SME | Kol=3 | Baki=1,000,000,000
    Produk=Kecil Komersial | SEGMEN=SME | Kol=4 | Baki=3,100,000,000
    Produk=Kecil Komersial | SEGMEN=SME | Kol=5 | Baki=1,008,000,000
    Produk=Kecil Komersial | SEGMEN=SME | Kol=4 | Baki=542,781,490

[DEBUG] Gunung Sahari - 18 Jul-2026
  Total baris: 91
  SEGMEN_2025 unik: ['Konsumer', 'SME']
  Produk unik: ['Briguna Ritel', 'KPR', 'Kecil Komersial', 'Lainnya', 'Menengah', 'Menengah Kanwil >Rp.200M sd 500 M']
  Pinjaman: 1,217,904.0
  Small: 462,197.6
  Konsumer: 755,706.4
  Mikro: 0.0
  SML: 136,421.8 (11.20%)
  NPL: 75,521.7 (6.20%)
  NPL Small: 32,496.3
  NPL Small baris: 15
    Produk=Kecil Komersial | SEGMEN=SME | Kol=5 | Baki=360,416,667
    Produk=Kecil Komersial | SEGMEN=SME | Kol=5 | Baki=4,200,000,000
    Produk=Kecil Komersial | SEGMEN=SME | Kol=5 | Baki=994,600,000
    Produk=Kecil Komersial | SEGMEN=SME | Kol=3 | Baki=1,637,500,000
    Produk=Kecil Komersial | SEGMEN=SME | Kol=4 | Baki=1,538,199,996

[DEBUG] Gunung Sahari - 19 Jul-2026
  Total baris: 91
  SEGMEN_2025 unik: ['Konsumer', 'SME']
  Produk unik: ['Briguna Ritel', 'KPR', 'Kecil Komersial', 'Lainnya', 'Menengah', 'Menengah Kanwil >Rp.200M sd 500 M']
  Pinjaman: 1,217,644.7
  Small: 462,108.1
  Konsumer: 755,536.5
  Mikro: 0.0
  SML: 138,463.2 (11.37%)
  NPL: 77,346.3 (6.35%)
  NPL Small: 32,496.3
  NPL Small baris: 15
    Produk=Kecil Komersial | SEGMEN=SME | Kol=3 | Baki=1,996,500,000
    Produk=Kecil Komersial | SEGMEN=SME | Kol=5 | Baki=3,463,944,083
    Produk=Kecil Komersial | SEGMEN=SME | Kol=5 | Baki=994,600,000
    Produk=Kecil Komersial | SEGMEN=SME | Kol=5 | Baki=1,008,000,000
    Produk=Kecil Komersial | SEGMEN=SME | Kol=3 | Baki=1,988,000,000

[DEBUG] Gunung Sahari - 20 Jul-2026
  Total baris: 180
  SEGMEN_2025 unik: ['Commercial', 'Consumer', 'Konsumer', 'Medium', 'SME', 'Small']
  Produk unik: ['Briguna Ritel', 'KPR', 'Kecil Komersial', 'Lainnya', 'Menengah', 'Menengah Kanwil >Rp.200M sd 500 M']
  Pinjaman: 2,365,596.9
  Small: 854,490.8
  Konsumer: 1,511,106.1
  Mikro: 0.0
  SML: 278,490.6 (11.77%)
  NPL: 148,699.5 (6.29%)
  NPL Small: 58,999.6
  NPL Small baris: 29
    Produk=Kecil Komersial | SEGMEN=Small | Kol=4 | Baki=3,100,000,000
    Produk=Kecil Komersial | SEGMEN=Small | Kol=5 | Baki=1,008,000,000
    Produk=Kecil Komersial | SEGMEN=Small | Kol=5 | Baki=994,600,000
    Produk=Kecil Komersial | SEGMEN=Small | Kol=5 | Baki=542,781,490
    Produk=Kecil Komersial | SEGMEN=Small | Kol=5 | Baki=360,416,667

[DEBUG] Mangga Dua - Jun-25
  Total baris: 89
  SEGMEN_2025 unik: ['Konsumer', 'SME']
  Produk unik: ['Briguna Ritel', 'KPR', 'KUR Kecil', 'Kecil Komersial', 'Menengah']
  Pinjaman: 389,245.3
  Small: 383,289.1
  Konsumer: 5,956.2
  Mikro: 0.0
  SML: 34,146.1 (8.77%)
  NPL: 33,399.9 (8.58%)
  NPL Small: 29,990.6
  NPL Small baris: 15
    Produk=Kecil Komersial | SEGMEN=SME | Kol=4 | Baki=2,797,000,000
    Produk=Kecil Komersial | SEGMEN=SME | Kol=3 | Baki=2,478,500,000
    Produk=Kecil Komersial | SEGMEN=SME | Kol=4 | Baki=497,000,000
    Produk=Kecil Komersial | SEGMEN=SME | Kol=3 | Baki=1,474,806,743
    Produk=Kecil Komersial | SEGMEN=SME | Kol=5 | Baki=2,500,000,000

[DEBUG] Mangga Dua - Jul-25
  Total baris: 107
  SEGMEN_2025 unik: ['Konsumer', 'SME']
  Produk unik: ['Briguna Ritel', 'KUR Kecil', 'Kecil Komersial', 'Menengah']
  Pinjaman: 412,489.0
  Small: 412,410.3
  Konsumer: 78.7
  Mikro: 0.0
  SML: 32,312.8 (7.83%)
  NPL: 28,919.3 (7.01%)
  NPL Small: 28,919.3
  NPL Small baris: 18
    Produk=Kecil Komersial | SEGMEN=SME | Kol=5 | Baki=1,436,705,222
    Produk=Kecil Komersial | SEGMEN=SME | Kol=5 | Baki=671,019,521
    Produk=Kecil Komersial | SEGMEN=SME | Kol=3 | Baki=1,992,437,313
    Produk=Kecil Komersial | SEGMEN=SME | Kol=5 | Baki=497,000,000
    Produk=Kecil Komersial | SEGMEN=SME | Kol=4 | Baki=58,143,896

[DEBUG] Mangga Dua - Agu-25
  Total baris: 85
  SEGMEN_2025 unik: ['Konsumer', 'SME']
  Produk unik: ['Briguna Ritel', 'KUR Kecil', 'Kecil Komersial', 'Menengah']
  Pinjaman: 415,769.8
  Small: 415,697.7
  Konsumer: 72.1
  Mikro: 0.0
  SML: 39,530.8 (9.51%)
  NPL: 27,366.1 (6.58%)
  NPL Small: 27,366.1
  NPL Small baris: 16
    Produk=Kecil Komersial | SEGMEN=SME | Kol=5 | Baki=2,540,476,301
    Produk=Kecil Komersial | SEGMEN=SME | Kol=4 | Baki=238,425,678
    Produk=Kecil Komersial | SEGMEN=SME | Kol=5 | Baki=600,000,000
    Produk=Kecil Komersial | SEGMEN=SME | Kol=4 | Baki=1,992,437,313
    Produk=Kecil Komersial | SEGMEN=SME | Kol=5 | Baki=5,300,000,000

[DEBUG] Mangga Dua - Sep-25
  Total baris: 85
  SEGMEN_2025 unik: ['Konsumer', 'SME']
  Produk unik: ['Briguna Ritel', 'KUR Kecil', 'Kecil Komersial', 'Menengah']
  Pinjaman: 415,717.4
  Small: 415,652.0
  Konsumer: 65.4
  Mikro: 0.0
  SML: 38,028.3 (9.15%)
  NPL: 29,875.2 (7.19%)
  NPL Small: 29,875.2
  NPL Small baris: 21
    Produk=Kecil Komersial | SEGMEN=SME | Kol=5 | Baki=280,500,600
    Produk=Kecil Komersial | SEGMEN=SME | Kol=5 | Baki=2,540,476,301
    Produk=Kecil Komersial | SEGMEN=SME | Kol=5 | Baki=600,000,000
    Produk=Kecil Komersial | SEGMEN=SME | Kol=3 | Baki=725,016,698
    Produk=Kecil Komersial | SEGMEN=SME | Kol=5 | Baki=340,945,608

[DEBUG] Mangga Dua - Okt-25
  Total baris: 79
  SEGMEN_2025 unik: ['Konsumer', 'SME']
  Produk unik: ['Briguna Ritel', 'KUR Kecil', 'Kecil Komersial', 'Menengah']
  Pinjaman: 420,714.2
  Small: 420,655.4
  Konsumer: 58.8
  Mikro: 0.0
  SML: 47,172.0 (11.21%)
  NPL: 28,519.8 (6.78%)
  NPL Small: 28,519.8
  NPL Small baris: 16
    Produk=Kecil Komersial | SEGMEN=SME | Kol=5 | Baki=1,816,643,742
    Produk=Kecil Komersial | SEGMEN=SME | Kol=4 | Baki=674,128,127
    Produk=Kecil Komersial | SEGMEN=SME | Kol=4 | Baki=425,000,000
    Produk=Kecil Komersial | SEGMEN=SME | Kol=5 | Baki=2,800,000,000
    Produk=Kecil Komersial | SEGMEN=SME | Kol=5 | Baki=871,269,169

[DEBUG] Mangga Dua - Nov-25
  Total baris: 0
  SEGMEN_2025 unik: []
  Produk unik: []
  Pinjaman: 0.0
  Small: 0.0
  Konsumer: 0.0
  Mikro: 0.0
  SML: 0.0 (0.00%)
  NPL: 0.0 (0.00%)
  NPL Small: 0.0

[DEBUG] Mangga Dua - Des-25
  Total baris: 74
  SEGMEN_2025 unik: ['Konsumer', 'Micro', 'SME']
  Produk unik: ['Briguna Ritel', 'Kecil Komersial', 'Kredit Mikro - KUR Ritel 2015', 'Menengah']
  Pinjaman: 472,694.7
  Small: 446,244.4
  Konsumer: 47.0
  Mikro: 26,403.3
  SML: 38,705.4 (8.19%)
  NPL: 31,353.5 (6.63%)
  NPL Small: 29,178.7
  NPL Small baris: 14
    Produk=Kecil Komersial | SEGMEN=SME | Kol=5 | Baki=1,992,437,313
    Produk=Kecil Komersial | SEGMEN=SME | Kol=5 | Baki=600,000,000
    Produk=Kecil Komersial | SEGMEN=SME | Kol=5 | Baki=689,921,593
    Produk=Kecil Komersial | SEGMEN=SME | Kol=5 | Baki=497,000,000
    Produk=Kecil Komersial | SEGMEN=SME | Kol=5 | Baki=1,896,019,521

[DEBUG] Mangga Dua - Jan-26
  Total baris: 71
  SEGMEN_2025 unik: ['Konsumer', 'Micro', 'SME']
  Produk unik: ['Briguna Ritel', 'Kecil Komersial', 'Kredit Mikro - KUR Ritel 2015', 'Menengah']
  Pinjaman: 469,410.7
  Small: 444,256.4
  Konsumer: 41.0
  Mikro: 25,113.3
  SML: 44,021.0 (9.38%)
  NPL: 33,796.0 (7.20%)
  NPL Small: 31,830.1
  NPL Small baris: 17
    Produk=Kecil Komersial | SEGMEN=SME | Kol=5 | Baki=1,896,019,521
    Produk=Kecil Komersial | SEGMEN=SME | Kol=5 | Baki=500,000,000
    Produk=Kecil Komersial | SEGMEN=SME | Kol=5 | Baki=1,766,643,742
    Produk=Kecil Komersial | SEGMEN=SME | Kol=3 | Baki=399,500,000
    Produk=Kecil Komersial | SEGMEN=SME | Kol=3 | Baki=177,042,252

[DEBUG] Mangga Dua - Feb-26
  Total baris: 64
  SEGMEN_2025 unik: ['Konsumer', 'Micro', 'SME']
  Produk unik: ['Briguna Ritel', 'Kecil Komersial', 'Kredit Mikro - KUR Ritel 2015', 'Menengah']
  Pinjaman: 472,863.5
  Small: 448,123.9
  Konsumer: 34.9
  Mikro: 24,704.8
  SML: 37,596.4 (7.95%)
  NPL: 37,567.6 (7.94%)
  NPL Small: 35,145.0
  NPL Small baris: 16
    Produk=Kecil Komersial | SEGMEN=SME | Kol=4 | Baki=3,999,000,000
    Produk=Kecil Komersial | SEGMEN=SME | Kol=5 | Baki=6,898,470,276
    Produk=Kecil Komersial | SEGMEN=SME | Kol=5 | Baki=689,921,593
    Produk=Kecil Komersial | SEGMEN=SME | Kol=5 | Baki=1,200,000,000
    Produk=Kecil Komersial | SEGMEN=SME | Kol=4 | Baki=399,500,000

[DEBUG] Mangga Dua - Mar-26
  Total baris: 59
  SEGMEN_2025 unik: ['Konsumer', 'Micro', 'SME']
  Produk unik: ['Briguna Ritel', 'Kecil Komersial', 'Kredit Mikro - KUR Ritel 2015', 'Menengah']
  Pinjaman: 472,927.5
  Small: 448,489.5
  Konsumer: 29.6
  Mikro: 24,408.4
  SML: 40,767.7 (8.62%)
  NPL: 34,762.4 (7.35%)
  NPL Small: 32,353.4
  NPL Small baris: 12
    Produk=Kecil Komersial | SEGMEN=SME | Kol=4 | Baki=3,140,333,335
    Produk=Kecil Komersial | SEGMEN=SME | Kol=5 | Baki=674,128,127
    Produk=Kecil Komersial | SEGMEN=SME | Kol=4 | Baki=3,000,000,000
    Produk=Kecil Komersial | SEGMEN=SME | Kol=5 | Baki=1,471,019,521
    Produk=Kecil Komersial | SEGMEN=SME | Kol=5 | Baki=10,897,470,276

[DEBUG] Mangga Dua - Apr-26
  Total baris: 64
  SEGMEN_2025 unik: ['Konsumer', 'Micro', 'SME']
  Produk unik: ['Briguna Ritel', 'Kecil Komersial', 'Kredit Mikro - KUR Ritel 2015', 'Menengah']
  Pinjaman: 475,631.1
  Small: 452,418.3
  Konsumer: 25.9
  Mikro: 23,186.9
  SML: 42,033.2 (8.84%)
  NPL: 34,868.3 (7.33%)
  NPL Small: 32,180.6
  NPL Small baris: 15
    Produk=Kecil Komersial | SEGMEN=SME | Kol=5 | Baki=348,975,985
    Produk=Kecil Komersial | SEGMEN=SME | Kol=4 | Baki=3,140,333,335
    Produk=Kecil Komersial | SEGMEN=SME | Kol=4 | Baki=1,000,000,000
    Produk=Kecil Komersial | SEGMEN=SME | Kol=5 | Baki=1,200,000,000
    Produk=Kecil Komersial | SEGMEN=SME | Kol=5 | Baki=2,370,819,521

[DEBUG] Mangga Dua - Mei-26
  Total baris: 60
  SEGMEN_2025 unik: ['Konsumer', 'Micro', 'SME']
  Produk unik: ['Briguna Ritel', 'Kecil Komersial', 'Kredit Mikro - KUR Ritel 2015', 'Menengah']
  Pinjaman: 486,906.7
  Small: 454,057.6
  Konsumer: 22.2
  Mikro: 32,826.9
  SML: 40,257.3 (8.27%)
  NPL: 38,111.1 (7.83%)
  NPL Small: 34,263.6
  NPL Small baris: 13
    Produk=Kecil Komersial | SEGMEN=SME | Kol=5 | Baki=2,370,819,521
    Produk=Kecil Komersial | SEGMEN=SME | Kol=5 | Baki=3,999,000,000
    Produk=Kecil Komersial | SEGMEN=SME | Kol=4 | Baki=3,150,089,912
    Produk=Kecil Komersial | SEGMEN=SME | Kol=5 | Baki=3,000,000,000
    Produk=Kecil Komersial | SEGMEN=SME | Kol=5 | Baki=3,140,333,335

[DEBUG] Mangga Dua - Jun-26
  Total baris: 63
  SEGMEN_2025 unik: ['Konsumer', 'Micro', 'SME']
  Produk unik: ['Briguna Ritel', 'Kecil Komersial', 'Kredit Mikro - KUR Ritel 2015', 'Menengah']
  Pinjaman: 485,664.4
  Small: 451,612.3
  Konsumer: 18.4
  Mikro: 34,033.6
  SML: 37,457.3 (7.71%)
  NPL: 38,514.9 (7.93%)
  NPL Small: 35,032.0
  NPL Small baris: 15
    Produk=Kecil Komersial | SEGMEN=SME | Kol=5 | Baki=1,399,500,000
    Produk=Kecil Komersial | SEGMEN=SME | Kol=5 | Baki=899,800,000
    Produk=Kecil Komersial | SEGMEN=SME | Kol=3 | Baki=488,856,554
    Produk=Kecil Komersial | SEGMEN=SME | Kol=5 | Baki=3,992,202,813
    Produk=Kecil Komersial | SEGMEN=SME | Kol=3 | Baki=877,975,993

[DEBUG] Mangga Dua - 18 Jul-2026
  Total baris: 71
  SEGMEN_2025 unik: ['Konsumer', 'Micro', 'SME']
  Produk unik: ['Briguna Ritel', 'Kecil Komersial', 'Kredit Mikro - KUR Ritel 2015', 'Menengah']
  Pinjaman: 473,029.9
  Small: 439,244.7
  Konsumer: 17.0
  Mikro: 33,768.2
  SML: 58,513.8 (12.37%)
  NPL: 40,576.3 (8.58%)
  NPL Small: 37,131.9
  NPL Small baris: 17
    Produk=Kecil Komersial | SEGMEN=SME | Kol=5 | Baki=3,992,202,813
    Produk=Kecil Komersial | SEGMEN=SME | Kol=5 | Baki=899,800,000
    Produk=Kecil Komersial | SEGMEN=SME | Kol=5 | Baki=1,399,500,000
    Produk=Kecil Komersial | SEGMEN=SME | Kol=5 | Baki=489,000,000
    Produk=Kecil Komersial | SEGMEN=SME | Kol=5 | Baki=674,128,127

[DEBUG] Mangga Dua - 19 Jul-2026
  Total baris: 71
  SEGMEN_2025 unik: ['Konsumer', 'Micro', 'SME']
  Produk unik: ['Briguna Ritel', 'Kecil Komersial', 'Kredit Mikro - KUR Ritel 2015', 'Menengah']
  Pinjaman: 472,903.5
  Small: 439,156.9
  Konsumer: 17.0
  Mikro: 33,729.5
  SML: 58,916.0 (12.46%)
  NPL: 40,576.3 (8.58%)
  NPL Small: 37,131.9
  NPL Small baris: 17
    Produk=Kecil Komersial | SEGMEN=SME | Kol=4 | Baki=3,118,089,913
    Produk=Kecil Komersial | SEGMEN=SME | Kol=5 | Baki=899,800,000
    Produk=Kecil Komersial | SEGMEN=SME | Kol=3 | Baki=384,400,000
    Produk=Kecil Komersial | SEGMEN=SME | Kol=4 | Baki=276,153,987
    Produk=Kecil Komersial | SEGMEN=SME | Kol=5 | Baki=1,399,500,000

[DEBUG] Mangga Dua - 20 Jul-2026
  Total baris: 142
  SEGMEN_2025 unik: ['Commercial', 'Consumer', 'Konsumer', 'Medium', 'Micro', 'SME', 'Small']
  Produk unik: ['Briguna Ritel', 'Kecil Komersial', 'Kredit Mikro - KUR Ritel 2015', 'Menengah']
  Pinjaman: 915,399.1
  Small: 848,049.4
  Konsumer: 34.1
  Mikro: 67,315.6
  SML: 116,739.9 (12.75%)
  NPL: 75,132.2 (8.21%)
  NPL Small: 68,264.3
  NPL Small baris: 33
    Produk=Kecil Komersial | SEGMEN=Small | Kol=5 | Baki=7,139,333,335
    Produk=Kecil Komersial | SEGMEN=Small | Kol=5 | Baki=674,128,127
    Produk=Kecil Komersial | SEGMEN=Small | Kol=3 | Baki=488,856,554
    Produk=Kecil Komersial | SEGMEN=Small | Kol=4 | Baki=276,153,987
    Produk=Kecil Komersial | SEGMEN=Small | Kol=3 | Baki=2,100,000,000

[DEBUG] Kemayoran - Jun-25
  Total baris: 513
  SEGMEN_2025 unik: ['Konsumer', 'Micro', 'SME']
  Produk unik: ['Briguna Mikro', 'Briguna Ritel', 'KPR', 'KUR Kecil', 'KUR Mikro', 'Kecil Komersial', 'Kupedes', 'Lainnya', 'Menengah']
  Pinjaman: 2,316,792.0
  Small: 356,905.4
  Konsumer: 868,817.1
  Mikro: 1,091,069.5
  SML: 206,889.4 (8.93%)
  NPL: 118,021.0 (5.09%)
  NPL Small: 41,054.5
  NPL Small baris: 10
    Produk=Kecil Komersial | SEGMEN=SME | Kol=5 | Baki=4,500,000,000
    Produk=Kecil Komersial | SEGMEN=SME | Kol=4 | Baki=5,000,000,000
    Produk=Kecil Komersial | SEGMEN=SME | Kol=4 | Baki=4,500,000,000
    Produk=Kecil Komersial | SEGMEN=SME | Kol=3 | Baki=5,000,000,000
    Produk=Kecil Komersial | SEGMEN=SME | Kol=5 | Baki=4,475,715,545

[DEBUG] Kemayoran - Jul-25
  Total baris: 77
  SEGMEN_2025 unik: ['Konsumer', 'Micro', 'SME']
  Produk unik: ['Briguna Mikro', 'Briguna Ritel', 'KUR Kecil', 'Kecil Komersial', 'Lainnya', 'Menengah']
  Pinjaman: 351,815.7
  Small: 346,481.6
  Konsumer: 4,994.7
  Mikro: 339.4
  SML: 32,705.9 (9.30%)
  NPL: 71,956.9 (20.45%)
  NPL Small: 67,169.2
  NPL Small baris: 14
    Produk=Kecil Komersial | SEGMEN=SME | Kol=4 | Baki=10,000,000,000
    Produk=Kecil Komersial | SEGMEN=SME | Kol=5 | Baki=4,293,363,445
    Produk=Kecil Komersial | SEGMEN=SME | Kol=4 | Baki=4,500,000,000
    Produk=Kecil Komersial | SEGMEN=SME | Kol=3 | Baki=18,555,572,366
    Produk=Kecil Komersial | SEGMEN=SME | Kol=5 | Baki=4,000,000,000

[DEBUG] Kemayoran - Agu-25
  Total baris: 72
  SEGMEN_2025 unik: ['Konsumer', 'Micro', 'SME']
  Produk unik: ['Briguna Mikro', 'Briguna Ritel', 'KUR Kecil', 'Kecil Komersial', 'Lainnya', 'Menengah']
  Pinjaman: 338,901.2
  Small: 333,014.7
  Konsumer: 5,550.2
  Mikro: 336.3
  SML: 49,834.7 (14.70%)
  NPL: 70,956.2 (20.94%)
  NPL Small: 66,169.2
  NPL Small baris: 12
    Produk=Kecil Komersial | SEGMEN=SME | Kol=4 | Baki=18,555,572,366
    Produk=Kecil Komersial | SEGMEN=SME | Kol=4 | Baki=1,500,000,000
    Produk=Kecil Komersial | SEGMEN=SME | Kol=4 | Baki=3,972,500,000
    Produk=Kecil Komersial | SEGMEN=SME | Kol=4 | Baki=1,000,000,000
    Produk=Kecil Komersial | SEGMEN=SME | Kol=5 | Baki=387,749,264

[DEBUG] Kemayoran - Sep-25
  Total baris: 72
  SEGMEN_2025 unik: ['Konsumer', 'Micro', 'SME']
  Produk unik: ['Briguna Mikro', 'Briguna Ritel', 'KUR Kecil', 'Kecil Komersial', 'Lainnya', 'Menengah']
  Pinjaman: 327,314.5
  Small: 321,424.0
  Konsumer: 5,557.1
  Mikro: 333.3
  SML: 41,089.9 (12.55%)
  NPL: 74,950.2 (22.90%)
  NPL Small: 70,169.2
  NPL Small baris: 12
    Produk=Kecil Komersial | SEGMEN=SME | Kol=5 | Baki=4,293,363,445
    Produk=Kecil Komersial | SEGMEN=SME | Kol=4 | Baki=4,060,000,000
    Produk=Kecil Komersial | SEGMEN=SME | Kol=4 | Baki=1,500,000,000
    Produk=Kecil Komersial | SEGMEN=SME | Kol=5 | Baki=7,500,000,000
    Produk=Kecil Komersial | SEGMEN=SME | Kol=5 | Baki=387,749,264

[DEBUG] Kemayoran - Okt-25
  Total baris: 66
  SEGMEN_2025 unik: ['Konsumer', 'SME']
  Produk unik: ['Briguna Ritel', 'KUR Kecil', 'Kecil Komersial', 'Lainnya', 'Menengah']
  Pinjaman: 327,529.5
  Small: 322,766.7
  Konsumer: 4,762.8
  Mikro: 0.0
  SML: 44,889.5 (13.71%)
  NPL: 76,005.3 (23.21%)
  NPL Small: 71,242.5
  NPL Small baris: 14
    Produk=Kecil Komersial | SEGMEN=SME | Kol=5 | Baki=2,200,000,000
    Produk=Kecil Komersial | SEGMEN=SME | Kol=3 | Baki=434,488,959
    Produk=Kecil Komersial | SEGMEN=SME | Kol=5 | Baki=1,000,000,000
    Produk=Kecil Komersial | SEGMEN=SME | Kol=3 | Baki=500,000,000
    Produk=Kecil Komersial | SEGMEN=SME | Kol=5 | Baki=3,972,500,000

[DEBUG] Kemayoran - Nov-25
  Total baris: 0
  SEGMEN_2025 unik: []
  Produk unik: []
  Pinjaman: 0.0
  Small: 0.0
  Konsumer: 0.0
  Mikro: 0.0
  SML: 0.0 (0.00%)
  NPL: 0.0 (0.00%)
  NPL Small: 0.0

[DEBUG] Kemayoran - Des-25
  Total baris: 69
  SEGMEN_2025 unik: ['Konsumer', 'Micro', 'SME']
  Produk unik: ['Briguna Ritel', 'Kecil Komersial', 'Kredit Mikro - KUR Ritel 2015', 'Lainnya', 'Menengah']
  Pinjaman: 321,522.0
  Small: 310,776.0
  Konsumer: 4,164.2
  Mikro: 6,581.8
  SML: 33,145.7 (10.31%)
  NPL: 81,931.9 (25.48%)
  NPL Small: 76,924.2
  NPL Small baris: 16
    Produk=Kecil Komersial | SEGMEN=SME | Kol=5 | Baki=2,000,000,000
    Produk=Kecil Komersial | SEGMEN=SME | Kol=5 | Baki=3,972,500,000
    Produk=Kecil Komersial | SEGMEN=SME | Kol=4 | Baki=1,844,150,284
    Produk=Kecil Komersial | SEGMEN=SME | Kol=5 | Baki=2,023,000,000
    Produk=Kecil Komersial | SEGMEN=SME | Kol=5 | Baki=9,872,064,000

[DEBUG] Kemayoran - Jan-26
  Total baris: 57
  SEGMEN_2025 unik: ['Konsumer', 'Micro', 'SME']
  Produk unik: ['Briguna Ritel', 'KPR', 'Kecil Komersial', 'Kredit Mikro - KUR Ritel 2015', 'Lainnya', 'Menengah']
  Pinjaman: 319,058.3
  Small: 312,508.3
  Konsumer: 695.5
  Mikro: 5,854.5
  SML: 39,728.0 (12.45%)
  NPL: 81,136.1 (25.43%)
  NPL Small: 79,912.2
  NPL Small baris: 13
    Produk=Kecil Komersial | SEGMEN=SME | Kol=4 | Baki=6,620,199,999
    Produk=Kecil Komersial | SEGMEN=SME | Kol=5 | Baki=5,000,000,000
    Produk=Kecil Komersial | SEGMEN=SME | Kol=5 | Baki=2,023,000,000
    Produk=Kecil Komersial | SEGMEN=SME | Kol=5 | Baki=18,555,572,366
    Produk=Kecil Komersial | SEGMEN=SME | Kol=5 | Baki=22,102,248,699

[DEBUG] Kemayoran - Feb-26
  Total baris: 57
  SEGMEN_2025 unik: ['Konsumer', 'Micro', 'SME']
  Produk unik: ['Briguna Ritel', 'Kecil Komersial', 'Kredit Mikro - KUR Ritel 2015', 'Lainnya', 'Menengah']
  Pinjaman: 306,700.0
  Small: 300,710.1
  Konsumer: 12.2
  Mikro: 5,977.7
  SML: 44,654.3 (14.56%)
  NPL: 73,192.1 (23.86%)
  NPL Small: 72,336.5
  NPL Small baris: 13
    Produk=Kecil Komersial | SEGMEN=SME | Kol=4 | Baki=6,620,199,999
    Produk=Kecil Komersial | SEGMEN=SME | Kol=5 | Baki=9,872,064,000
    Produk=Kecil Komersial | SEGMEN=SME | Kol=5 | Baki=5,000,000,000
    Produk=Kecil Komersial | SEGMEN=SME | Kol=5 | Baki=500,000,000
    Produk=Kecil Komersial | SEGMEN=SME | Kol=5 | Baki=2,399,730,000

[DEBUG] Kemayoran - Mar-26
  Total baris: 57
  SEGMEN_2025 unik: ['Konsumer', 'Micro', 'SME']
  Produk unik: ['Briguna Ritel', 'Kecil Komersial', 'Kredit Mikro - KUR Ritel 2015', 'Lainnya', 'Menengah']
  Pinjaman: 289,440.1
  Small: 283,296.0
  Konsumer: 16.6
  Mikro: 6,127.6
  SML: 38,546.5 (13.32%)
  NPL: 64,177.5 (22.17%)
  NPL Small: 63,323.0
  NPL Small baris: 14
    Produk=Kecil Komersial | SEGMEN=SME | Kol=3 | Baki=2,996,193,000
    Produk=Kecil Komersial | SEGMEN=SME | Kol=5 | Baki=6,372,064,000
    Produk=Kecil Komersial | SEGMEN=SME | Kol=5 | Baki=1,000,000,000
    Produk=Kecil Komersial | SEGMEN=SME | Kol=3 | Baki=1,500,000,000
    Produk=Kecil Komersial | SEGMEN=SME | Kol=5 | Baki=17,102,248,699

[DEBUG] Kemayoran - Apr-26
  Total baris: 56
  SEGMEN_2025 unik: ['Konsumer', 'Micro', 'SME']
  Produk unik: ['Briguna Ritel', 'Kecil Komersial', 'Kredit Mikro - KUR Ritel 2015', 'Lainnya', 'Menengah']
  Pinjaman: 286,725.4
  Small: 279,904.5
  Konsumer: 14.3
  Mikro: 6,806.6
  SML: 31,857.8 (11.11%)
  NPL: 68,677.5 (23.95%)
  NPL Small: 67,826.8
  NPL Small baris: 15
    Produk=Kecil Komersial | SEGMEN=SME | Kol=5 | Baki=6,372,064,000
    Produk=Kecil Komersial | SEGMEN=SME | Kol=3 | Baki=5,000,000,000
    Produk=Kecil Komersial | SEGMEN=SME | Kol=5 | Baki=500,000,000
    Produk=Kecil Komersial | SEGMEN=SME | Kol=5 | Baki=6,861,215,657
    Produk=Kecil Komersial | SEGMEN=SME | Kol=3 | Baki=5,000,000,000

[DEBUG] Kemayoran - Mei-26
  Total baris: 49
  SEGMEN_2025 unik: ['Konsumer', 'SME']
  Produk unik: ['Briguna Ritel', 'Kecil Komersial', 'Lainnya', 'Menengah']
  Pinjaman: 271,668.7
  Small: 271,654.6
  Konsumer: 14.1
  Mikro: 0.0
  SML: 23,143.2 (8.52%)
  NPL: 75,830.4 (27.91%)
  NPL Small: 75,821.4
  NPL Small baris: 15
    Produk=Kecil Komersial | SEGMEN=SME | Kol=5 | Baki=9,019,929,999
    Produk=Kecil Komersial | SEGMEN=SME | Kol=4 | Baki=10,000,000,000
    Produk=Kecil Komersial | SEGMEN=SME | Kol=5 | Baki=12,102,248,699
    Produk=Kecil Komersial | SEGMEN=SME | Kol=4 | Baki=7,500,000,000
    Produk=Kecil Komersial | SEGMEN=SME | Kol=5 | Baki=1,844,150,284

[DEBUG] Kemayoran - Jun-26
  Total baris: 48
  SEGMEN_2025 unik: ['Konsumer', 'SME']
  Produk unik: ['Briguna Ritel', 'Kecil Komersial', 'Lainnya', 'Menengah']
  Pinjaman: 274,238.3
  Small: 274,224.4
  Konsumer: 13.9
  Mikro: 0.0
  SML: 24,573.9 (8.96%)
  NPL: 65,901.7 (24.03%)
  NPL Small: 65,892.7
  NPL Small baris: 14
    Produk=Kecil Komersial | SEGMEN=SME | Kol=5 | Baki=500,000,000
    Produk=Kecil Komersial | SEGMEN=SME | Kol=4 | Baki=10,000,000,000
    Produk=Kecil Komersial | SEGMEN=SME | Kol=5 | Baki=2,988,000,000
    Produk=Kecil Komersial | SEGMEN=SME | Kol=5 | Baki=6,620,199,999
    Produk=Kecil Komersial | SEGMEN=SME | Kol=4 | Baki=2,994,639,000

[DEBUG] Kemayoran - 18 Jul-2026
  Total baris: 52
  SEGMEN_2025 unik: ['Konsumer', 'SME']
  Produk unik: ['Briguna Ritel', 'Kecil Komersial', 'Lainnya', 'Menengah']
  Pinjaman: 274,991.5
  Small: 274,977.9
  Konsumer: 13.7
  Mikro: 0.0
  SML: 49,264.2 (17.91%)
  NPL: 67,401.7 (24.51%)
  NPL Small: 67,392.7
  NPL Small baris: 15
    Produk=Kecil Komersial | SEGMEN=SME | Kol=5 | Baki=2,988,000,000
    Produk=Kecil Komersial | SEGMEN=SME | Kol=5 | Baki=500,000,000
    Produk=Kecil Komersial | SEGMEN=SME | Kol=5 | Baki=6,861,215,657
    Produk=Kecil Komersial | SEGMEN=SME | Kol=5 | Baki=5,000,000,000
    Produk=Kecil Komersial | SEGMEN=SME | Kol=3 | Baki=1,500,000,000

[DEBUG] Kemayoran - 19 Jul-2026
  Total baris: 53
  SEGMEN_2025 unik: ['Konsumer', 'SME']
  Produk unik: ['Briguna Ritel', 'Kecil Komersial', 'Lainnya', 'Menengah']
  Pinjaman: 275,008.5
  Small: 274,994.9
  Konsumer: 13.7
  Mikro: 0.0
  SML: 48,930.4 (17.79%)
  NPL: 67,401.7 (24.51%)
  NPL Small: 67,392.7
  NPL Small baris: 15
    Produk=Kecil Komersial | SEGMEN=SME | Kol=5 | Baki=9,872,064,000
    Produk=Kecil Komersial | SEGMEN=SME | Kol=5 | Baki=500,000,000
    Produk=Kecil Komersial | SEGMEN=SME | Kol=5 | Baki=8,045,085,000
    Produk=Kecil Komersial | SEGMEN=SME | Kol=5 | Baki=2,988,000,000
    Produk=Kecil Komersial | SEGMEN=SME | Kol=5 | Baki=1,000,000,000

[DEBUG] Kemayoran - 20 Jul-2026
  Total baris: 104
  SEGMEN_2025 unik: ['Commercial', 'Consumer', 'Konsumer', 'Medium', 'SME', 'Small']
  Produk unik: ['Briguna Ritel', 'Kecil Komersial', 'Lainnya', 'Menengah']
  Pinjaman: 528,221.1
  Small: 528,193.8
  Konsumer: 27.3
  Mikro: 0.0
  SML: 75,744.3 (14.34%)
  NPL: 127,942.1 (24.22%)
  NPL Small: 127,924.1
  NPL Small baris: 29
    Produk=Kecil Komersial | SEGMEN=Small | Kol=5 | Baki=1,844,150,284
    Produk=Kecil Komersial | SEGMEN=Small | Kol=3 | Baki=1,500,000,000
    Produk=Kecil Komersial | SEGMEN=Small | Kol=4 | Baki=4,000,000,000
    Produk=Kecil Komersial | SEGMEN=Small | Kol=4 | Baki=2,994,639,000
    Produk=Kecil Komersial | SEGMEN=Small | Kol=5 | Baki=6,620,199,999

[DEBUG] __TOTAL__ - Jun-25
  Total baris: 0
  SEGMEN_2025 unik: []
  Produk unik: []
  Pinjaman: 11,094,012.0
  Small: 3,495,123.9
  Konsumer: 6,501,921.6
  Mikro: 1,096,966.6
  SML: 562,355.8 (5.07%)
  NPL: 695,771.4 (6.27%)
  NPL Small: 337,029.0

[DEBUG] __TOTAL__ - Jul-25
  Total baris: 0
  SEGMEN_2025 unik: []
  Produk unik: []
  Pinjaman: 10,828,936.8
  Small: 3,461,468.5
  Konsumer: 6,378,728.4
  Mikro: 988,740.0
  SML: 471,621.1 (4.36%)
  NPL: 688,345.2 (6.36%)
  NPL Small: 334,224.0

[DEBUG] __TOTAL__ - Agu-25
  Total baris: 0
  SEGMEN_2025 unik: []
  Produk unik: []
  Pinjaman: 10,928,144.5
  Small: 3,526,295.7
  Konsumer: 6,415,700.1
  Mikro: 986,148.7
  SML: 579,726.4 (5.30%)
  NPL: 686,079.8 (6.28%)
  NPL Small: 319,892.8

[DEBUG] __TOTAL__ - Sep-25
  Total baris: 0
  SEGMEN_2025 unik: []
  Produk unik: []
  Pinjaman: 11,000,745.4
  Small: 3,531,802.8
  Konsumer: 6,479,127.0
  Mikro: 989,815.6
  SML: 522,450.2 (4.75%)
  NPL: 709,317.0 (6.45%)
  NPL Small: 316,436.2

[DEBUG] __TOTAL__ - Okt-25
  Total baris: 0
  SEGMEN_2025 unik: []
  Produk unik: []
  Pinjaman: 11,118,429.5
  Small: 3,567,548.7
  Konsumer: 6,552,123.8
  Mikro: 998,757.0
  SML: 618,291.7 (5.56%)
  NPL: 667,670.2 (6.01%)
  NPL Small: 293,819.1

[DEBUG] __TOTAL__ - Nov-25
  Total baris: 0
  SEGMEN_2025 unik: []
  Produk unik: []
  Pinjaman: 0.0
  Small: 0.0
  Konsumer: 0.0
  Mikro: 0.0
  SML: 0.0 (0.00%)
  NPL: 0.0 (0.00%)
  NPL Small: 0.0

[DEBUG] __TOTAL__ - Des-25
  Total baris: 0
  SEGMEN_2025 unik: []
  Produk unik: []
  Pinjaman: 11,512,380.1
  Small: 3,711,342.1
  Konsumer: 6,660,087.7
  Mikro: 1,140,950.4
  SML: 477,824.3 (4.15%)
  NPL: 670,393.2 (5.82%)
  NPL Small: 295,970.3

[DEBUG] __TOTAL__ - Jan-26
  Total baris: 0
  SEGMEN_2025 unik: []
  Produk unik: []
  Pinjaman: 11,207,401.3
  Small: 3,679,544.7
  Konsumer: 6,393,576.6
  Mikro: 1,134,280.0
  SML: 522,845.6 (4.67%)
  NPL: 712,136.6 (6.35%)
  NPL Small: 303,169.2

[DEBUG] __TOTAL__ - Feb-26
  Total baris: 0
  SEGMEN_2025 unik: []
  Produk unik: []
  Pinjaman: 11,117,668.4
  Small: 3,583,809.5
  Konsumer: 6,388,004.7
  Mikro: 1,145,854.2
  SML: 536,741.6 (4.83%)
  NPL: 702,284.4 (6.32%)
  NPL Small: 298,181.8

[DEBUG] __TOTAL__ - Mar-26
  Total baris: 0
  SEGMEN_2025 unik: []
  Produk unik: []
  Pinjaman: 11,137,888.7
  Small: 3,614,092.1
  Konsumer: 6,376,192.4
  Mikro: 1,147,604.2
  SML: 490,136.2 (4.40%)
  NPL: 662,550.5 (5.95%)
  NPL Small: 270,624.1

[DEBUG] __TOTAL__ - Apr-26
  Total baris: 0
  SEGMEN_2025 unik: []
  Produk unik: []
  Pinjaman: 11,178,748.8
  Small: 3,611,816.1
  Konsumer: 6,413,035.5
  Mikro: 1,153,897.3
  SML: 510,477.4 (4.57%)
  NPL: 657,019.4 (5.88%)
  NPL Small: 254,832.6

[DEBUG] __TOTAL__ - Mei-26
  Total baris: 0
  SEGMEN_2025 unik: []
  Produk unik: []
  Pinjaman: 11,310,985.6
  Small: 3,734,083.4
  Konsumer: 6,423,534.9
  Mikro: 1,153,367.3
  SML: 479,679.4 (4.24%)
  NPL: 667,824.3 (5.90%)
  NPL Small: 268,923.8

[DEBUG] __TOTAL__ - Jun-26
  Total baris: 0
  SEGMEN_2025 unik: []
  Produk unik: []
  Pinjaman: 11,420,460.6
  Small: 3,806,173.4
  Konsumer: 6,453,912.6
  Mikro: 1,160,374.7
  SML: 489,585.0 (4.29%)
  NPL: 630,552.1 (5.52%)
  NPL Small: 258,477.1

[DEBUG] __TOTAL__ - 18 Jul-2026
  Total baris: 0
  SEGMEN_2025 unik: []
  Produk unik: []
  Pinjaman: 11,358,064.9
  Small: 3,725,646.0
  Konsumer: 6,467,787.3
  Mikro: 1,164,631.7
  SML: 1,181,511.5 (10.40%)
  NPL: 670,948.0 (5.91%)
  NPL Small: 270,299.1

[DEBUG] __TOTAL__ - 19 Jul-2026
  Total baris: 0
  SEGMEN_2025 unik: []
  Produk unik: []
  Pinjaman: 11,356,646.5
  Small: 3,725,992.0
  Konsumer: 6,466,511.0
  Mikro: 1,164,143.5
  SML: 1,230,538.0 (10.84%)
  NPL: 674,207.8 (5.94%)
  NPL Small: 270,299.1

[DEBUG] __TOTAL__ - 20 Jul-2026
  Total baris: 0
  SEGMEN_2025 unik: []
  Produk unik: []
  Pinjaman: 22,342,632.5
  Small: 7,083,914.5
  Konsumer: 12,931,467.3
  Mikro: 2,327,250.7
  SML: 2,488,340.3 (11.14%)
  NPL: 1,311,599.1 (5.87%)
  NPL Small: 501,923.2
[UKER SEGMEN FALLBACK] 27728 baris diisi dari kolom 'Segmen'
[UKER] 16 periode ditemukan
[UKER] KCP (20): ['00433 -- KCP SENEN JAYA', '00504 -- KCP Abdul Muis', '00506 -- KCP RSPAD', '00507 -- KCP Depkeu', '00532 -- KCP PASAR TANAH ABANG']
[UKER] Unit (16): ['00784 -- UNIT GARUDA JAKARTA', '00785 -- UNIT SUMUR BATU JAKARTA', '00786 -- UNIT HAJI UNG', '00789 -- UNIT PANGERAN JAYAKARTA', '00790 -- UNIT JAKARTA TANGKI']
[UKER RESULT] KCP=20, Unit=16

[RESULT] 7 KC, 16 periode
[STATS] {'jumlah_kc': 7, 'jumlah_kcp': 20, 'jumlah_unit': 16, 'daftar_kcp': ['00433 -- KCP SENEN JAYA', '00504 -- KCP Abdul Muis', '00506 -- KCP RSPAD', '00507 -- KCP Depkeu', '00532 -- KCP PASAR TANAH ABANG', '00558 -- KCP PERTAMINA', '00596 -- KCP LEMHANAS', '01119 -- KCP TOMANG', '01179 -- KCP PANGERAN JAYAKARTA', '01183 -- KCP KARANGANYAR', '01194 -- KCP THAMRIN CITY', '01195 -- KCP BENDUNGAN HILIR', '01196 -- KCP HARCO MANGGA DUA', '02004 -- KCP GAJAH MADA', '02006 -- KCP KEBON KACANG', '02020 -- KCP KEMENTRIAN BUMN', '02079 -- KCP TASPEN', '02080 -- KCP PASAR BARU', '02102 -- KCP PASAR PAGI MANGGA DUA', '02249 -- KCP BLOK B PUSAT GROSIR TN ABA'], 'daftar_unit': ['00784 -- UNIT GARUDA JAKARTA', '00785 -- UNIT SUMUR BATU JAKARTA', '00786 -- UNIT HAJI UNG', '00789 -- UNIT PANGERAN JAYAKARTA', '00790 -- UNIT JAKARTA TANGKI', '00791 -- UNIT SAWAH BESAR', '00792 -- UNIT KARANG ANYAR JAKARTA', '00955 -- UNIT KS TUBUN', '00964 -- UNIT SERDANG JAKARTA', '00969 -- UNIT BENDUNGAN HILIR', '03229 -- UNIT KEBON KACANG', '03247 -- UNIT SENEN', '03318 -- UNIT PETOJO', '03324 -- UNIT JEMBATAN LIMA', '03328 -- UNIT HASYIM ASHARI', '07741 -- UNIT PETAMBURAN'], 'jumlah_sheet': 8, 'jumlah_periode': 16, 'jumlah_baris_simpanan': 1941, 'jumlah_baris_pinjaman': 1111, 'jumlah_baris_total': 59195, 'daftar_kc': ['Tanah Abang', 'Krekot', 'Veteran', 'Roxi', 'Gunung Sahari', 'Mangga Dua', 'Kemayoran'], 'produk_simpanan': {'tabungan': 15489770.03885158, 'giro': 11446386.633495118, 'deposito': 12589886.43332742, 'casa': 26936156.672346696, 'dpk': 39526043.10567412}, 'baris_simpanan_berjalan': 1941, 'baris_pinjaman_berjalan': 1111, 'baris_simpanan_historis': 28415, 'baris_pinjaman_historis': 27728, 'has_historis_simpanan': True, 'has_historis_pinjaman': True, 'jumlah_file_simpanan': 2, 'jumlah_file_pinjaman': 2}
process_files completed.
Serialization complete: /var/folders/_4/k70ymf4s0wj9p4r8f5zp03nw0000gn/T/processed_data_8jz5mmiu.json
INFO:     127.0.0.1:60473 - "POST /api/process-paths HTTP/1.1" 200 OK
[SUCCESS] Dashboard selesai — footer di baris 89
INFO:     127.0.0.1:60505 - "POST /api/export/kc HTTP/1.1" 200 OK
